{"op_code":0,"worker_id":"b76a92c8-ed4f-4eee-872e-077ed04607cf-8477932224","study_name":"baseline_adam_mlp","directions":[2]}
{"op_code":4,"worker_id":"b76a92c8-ed4f-4eee-872e-077ed04607cf-14260662272","study_id":0,"datetime_start":"2025-07-25T03:54:33.142780"}
{"op_code":4,"worker_id":"b76a92c8-ed4f-4eee-872e-077ed04607cf-14820503552","study_id":0,"datetime_start":"2025-07-25T03:54:33.144473"}
{"op_code":4,"worker_id":"b76a92c8-ed4f-4eee-872e-077ed04607cf-14910091264","study_id":0,"datetime_start":"2025-07-25T03:54:33.144800"}
{"op_code":4,"worker_id":"b76a92c8-ed4f-4eee-872e-077ed04607cf-14943744000","study_id":0,"datetime_start":"2025-07-25T03:54:33.145093"}
{"op_code":4,"worker_id":"b76a92c8-ed4f-4eee-872e-077ed04607cf-15100669952","study_id":0,"datetime_start":"2025-07-25T03:54:33.145373"}
{"op_code":4,"worker_id":"b76a92c8-ed4f-4eee-872e-077ed04607cf-14837329920","study_id":0,"datetime_start":"2025-07-25T03:54:33.145641"}
{"op_code":4,"worker_id":"b76a92c8-ed4f-4eee-872e-077ed04607cf-14708436992","study_id":0,"datetime_start":"2025-07-25T03:54:33.145915"}
{"op_code":4,"worker_id":"b76a92c8-ed4f-4eee-872e-077ed04607cf-14960570368","study_id":0,"datetime_start":"2025-07-25T03:54:33.146181"}
{"op_code":4,"worker_id":"b76a92c8-ed4f-4eee-872e-077ed04607cf-13683601408","study_id":0,"datetime_start":"2025-07-25T03:54:33.141793"}
{"op_code":4,"worker_id":"b76a92c8-ed4f-4eee-872e-077ed04607cf-14854156288","study_id":0,"datetime_start":"2025-07-25T03:54:33.146981"}
{"op_code":5,"worker_id":"b76a92c8-ed4f-4eee-872e-077ed04607cf-15100669952","trial_id":4,"param_name":"hidden_layer_sizes","param_value_internal":1236.0,"distribution":"{\"name\": \"IntDistribution\", \"attributes\": {\"log\": false, \"step\": 1, \"low\": 8, \"high\": 2048}}"}
{"op_code":4,"worker_id":"b76a92c8-ed4f-4eee-872e-077ed04607cf-14926917632","study_id":0,"datetime_start":"2025-07-25T03:54:33.147311"}
{"op_code":5,"worker_id":"b76a92c8-ed4f-4eee-872e-077ed04607cf-14708436992","trial_id":6,"param_name":"hidden_layer_sizes","param_value_internal":1533.0,"distribution":"{\"name\": \"IntDistribution\", \"attributes\": {\"log\": false, \"step\": 1, \"low\": 8, \"high\": 2048}}"}
{"op_code":4,"worker_id":"b76a92c8-ed4f-4eee-872e-077ed04607cf-15016620032","study_id":0,"datetime_start":"2025-07-25T03:54:33.147467"}
{"op_code":5,"worker_id":"b76a92c8-ed4f-4eee-872e-077ed04607cf-14960570368","trial_id":7,"param_name":"hidden_layer_sizes","param_value_internal":161.0,"distribution":"{\"name\": \"IntDistribution\", \"attributes\": {\"log\": false, \"step\": 1, \"low\": 8, \"high\": 2048}}"}
{"op_code":5,"worker_id":"b76a92c8-ed4f-4eee-872e-077ed04607cf-14260662272","trial_id":0,"param_name":"hidden_layer_sizes","param_value_internal":1255.0,"distribution":"{\"name\": \"IntDistribution\", \"attributes\": {\"log\": false, \"step\": 1, \"low\": 8, \"high\": 2048}}"}
{"op_code":5,"worker_id":"b76a92c8-ed4f-4eee-872e-077ed04607cf-13683601408","trial_id":8,"param_name":"hidden_layer_sizes","param_value_internal":799.0,"distribution":"{\"name\": \"IntDistribution\", \"attributes\": {\"log\": false, \"step\": 1, \"low\": 8, \"high\": 2048}}"}
{"op_code":5,"worker_id":"b76a92c8-ed4f-4eee-872e-077ed04607cf-15100669952","trial_id":4,"param_name":"alpha","param_value_internal":0.00020316721779813584,"distribution":"{\"name\": \"FloatDistribution\", \"attributes\": {\"step\": null, \"low\": 1e-05, \"high\": 10.0, \"log\": true}}"}
{"op_code":5,"worker_id":"b76a92c8-ed4f-4eee-872e-077ed04607cf-14820503552","trial_id":1,"param_name":"hidden_layer_sizes","param_value_internal":1639.0,"distribution":"{\"name\": \"IntDistribution\", \"attributes\": {\"log\": false, \"step\": 1, \"low\": 8, \"high\": 2048}}"}
{"op_code":5,"worker_id":"b76a92c8-ed4f-4eee-872e-077ed04607cf-14837329920","trial_id":5,"param_name":"hidden_layer_sizes","param_value_internal":1641.0,"distribution":"{\"name\": \"IntDistribution\", \"attributes\": {\"log\": false, \"step\": 1, \"low\": 8, \"high\": 2048}}"}
{"op_code":5,"worker_id":"b76a92c8-ed4f-4eee-872e-077ed04607cf-14854156288","trial_id":9,"param_name":"hidden_layer_sizes","param_value_internal":248.0,"distribution":"{\"name\": \"IntDistribution\", \"attributes\": {\"log\": false, \"step\": 1, \"low\": 8, \"high\": 2048}}"}
{"op_code":5,"worker_id":"b76a92c8-ed4f-4eee-872e-077ed04607cf-14910091264","trial_id":2,"param_name":"hidden_layer_sizes","param_value_internal":311.0,"distribution":"{\"name\": \"IntDistribution\", \"attributes\": {\"log\": false, \"step\": 1, \"low\": 8, \"high\": 2048}}"}
{"op_code":5,"worker_id":"b76a92c8-ed4f-4eee-872e-077ed04607cf-14708436992","trial_id":6,"param_name":"alpha","param_value_internal":0.03711986680354012,"distribution":"{\"name\": \"FloatDistribution\", \"attributes\": {\"step\": null, \"low\": 1e-05, \"high\": 10.0, \"log\": true}}"}
{"op_code":5,"worker_id":"b76a92c8-ed4f-4eee-872e-077ed04607cf-14943744000","trial_id":3,"param_name":"hidden_layer_sizes","param_value_internal":1536.0,"distribution":"{\"name\": \"IntDistribution\", \"attributes\": {\"log\": false, \"step\": 1, \"low\": 8, \"high\": 2048}}"}
{"op_code":5,"worker_id":"b76a92c8-ed4f-4eee-872e-077ed04607cf-14960570368","trial_id":7,"param_name":"alpha","param_value_internal":0.0021981274373019406,"distribution":"{\"name\": \"FloatDistribution\", \"attributes\": {\"step\": null, \"low\": 1e-05, \"high\": 10.0, \"log\": true}}"}
{"op_code":5,"worker_id":"b76a92c8-ed4f-4eee-872e-077ed04607cf-14260662272","trial_id":0,"param_name":"alpha","param_value_internal":0.02147659882576777,"distribution":"{\"name\": \"FloatDistribution\", \"attributes\": {\"step\": null, \"low\": 1e-05, \"high\": 10.0, \"log\": true}}"}
{"op_code":5,"worker_id":"b76a92c8-ed4f-4eee-872e-077ed04607cf-13683601408","trial_id":8,"param_name":"alpha","param_value_internal":0.0020727914709887064,"distribution":"{\"name\": \"FloatDistribution\", \"attributes\": {\"step\": null, \"low\": 1e-05, \"high\": 10.0, \"log\": true}}"}
{"op_code":5,"worker_id":"b76a92c8-ed4f-4eee-872e-077ed04607cf-15100669952","trial_id":4,"param_name":"learning_rate_init","param_value_internal":0.005825511320613468,"distribution":"{\"name\": \"FloatDistribution\", \"attributes\": {\"step\": null, \"low\": 0.0001, \"high\": 0.01, \"log\": true}}"}
{"op_code":5,"worker_id":"b76a92c8-ed4f-4eee-872e-077ed04607cf-14820503552","trial_id":1,"param_name":"alpha","param_value_internal":0.17585841756139814,"distribution":"{\"name\": \"FloatDistribution\", \"attributes\": {\"step\": null, \"low\": 1e-05, \"high\": 10.0, \"log\": true}}"}
{"op_code":5,"worker_id":"b76a92c8-ed4f-4eee-872e-077ed04607cf-14837329920","trial_id":5,"param_name":"alpha","param_value_internal":0.002044260262785284,"distribution":"{\"name\": \"FloatDistribution\", \"attributes\": {\"step\": null, \"low\": 1e-05, \"high\": 10.0, \"log\": true}}"}
{"op_code":5,"worker_id":"b76a92c8-ed4f-4eee-872e-077ed04607cf-14854156288","trial_id":9,"param_name":"alpha","param_value_internal":0.005909768683875268,"distribution":"{\"name\": \"FloatDistribution\", \"attributes\": {\"step\": null, \"low\": 1e-05, \"high\": 10.0, \"log\": true}}"}
{"op_code":5,"worker_id":"b76a92c8-ed4f-4eee-872e-077ed04607cf-14910091264","trial_id":2,"param_name":"alpha","param_value_internal":0.393282494530285,"distribution":"{\"name\": \"FloatDistribution\", \"attributes\": {\"step\": null, \"low\": 1e-05, \"high\": 10.0, \"log\": true}}"}
{"op_code":5,"worker_id":"b76a92c8-ed4f-4eee-872e-077ed04607cf-14926917632","trial_id":10,"param_name":"hidden_layer_sizes","param_value_internal":327.0,"distribution":"{\"name\": \"IntDistribution\", \"attributes\": {\"log\": false, \"step\": 1, \"low\": 8, \"high\": 2048}}"}
{"op_code":5,"worker_id":"b76a92c8-ed4f-4eee-872e-077ed04607cf-14708436992","trial_id":6,"param_name":"learning_rate_init","param_value_internal":0.0003428327683955951,"distribution":"{\"name\": \"FloatDistribution\", \"attributes\": {\"step\": null, \"low\": 0.0001, \"high\": 0.01, \"log\": true}}"}
{"op_code":5,"worker_id":"b76a92c8-ed4f-4eee-872e-077ed04607cf-14943744000","trial_id":3,"param_name":"alpha","param_value_internal":0.01975942000068577,"distribution":"{\"name\": \"FloatDistribution\", \"attributes\": {\"step\": null, \"low\": 1e-05, \"high\": 10.0, \"log\": true}}"}
{"op_code":5,"worker_id":"b76a92c8-ed4f-4eee-872e-077ed04607cf-15016620032","trial_id":11,"param_name":"hidden_layer_sizes","param_value_internal":1115.0,"distribution":"{\"name\": \"IntDistribution\", \"attributes\": {\"log\": false, \"step\": 1, \"low\": 8, \"high\": 2048}}"}
{"op_code":5,"worker_id":"b76a92c8-ed4f-4eee-872e-077ed04607cf-14960570368","trial_id":7,"param_name":"learning_rate_init","param_value_internal":0.00017054563446103598,"distribution":"{\"name\": \"FloatDistribution\", \"attributes\": {\"step\": null, \"low\": 0.0001, \"high\": 0.01, \"log\": true}}"}
{"op_code":5,"worker_id":"b76a92c8-ed4f-4eee-872e-077ed04607cf-14260662272","trial_id":0,"param_name":"learning_rate_init","param_value_internal":0.00994899814247747,"distribution":"{\"name\": \"FloatDistribution\", \"attributes\": {\"step\": null, \"low\": 0.0001, \"high\": 0.01, \"log\": true}}"}
{"op_code":5,"worker_id":"b76a92c8-ed4f-4eee-872e-077ed04607cf-13683601408","trial_id":8,"param_name":"learning_rate_init","param_value_internal":0.0014479025490163157,"distribution":"{\"name\": \"FloatDistribution\", \"attributes\": {\"step\": null, \"low\": 0.0001, \"high\": 0.01, \"log\": true}}"}
{"op_code":5,"worker_id":"b76a92c8-ed4f-4eee-872e-077ed04607cf-14820503552","trial_id":1,"param_name":"learning_rate_init","param_value_internal":0.002210923996369058,"distribution":"{\"name\": \"FloatDistribution\", \"attributes\": {\"step\": null, \"low\": 0.0001, \"high\": 0.01, \"log\": true}}"}
{"op_code":5,"worker_id":"b76a92c8-ed4f-4eee-872e-077ed04607cf-14837329920","trial_id":5,"param_name":"learning_rate_init","param_value_internal":0.0006039293150025885,"distribution":"{\"name\": \"FloatDistribution\", \"attributes\": {\"step\": null, \"low\": 0.0001, \"high\": 0.01, \"log\": true}}"}
{"op_code":5,"worker_id":"b76a92c8-ed4f-4eee-872e-077ed04607cf-14854156288","trial_id":9,"param_name":"learning_rate_init","param_value_internal":0.0024813832459584903,"distribution":"{\"name\": \"FloatDistribution\", \"attributes\": {\"step\": null, \"low\": 0.0001, \"high\": 0.01, \"log\": true}}"}
{"op_code":5,"worker_id":"b76a92c8-ed4f-4eee-872e-077ed04607cf-14910091264","trial_id":2,"param_name":"learning_rate_init","param_value_internal":0.00034213313720347064,"distribution":"{\"name\": \"FloatDistribution\", \"attributes\": {\"step\": null, \"low\": 0.0001, \"high\": 0.01, \"log\": true}}"}
{"op_code":5,"worker_id":"b76a92c8-ed4f-4eee-872e-077ed04607cf-14926917632","trial_id":10,"param_name":"alpha","param_value_internal":2.897730456535449,"distribution":"{\"name\": \"FloatDistribution\", \"attributes\": {\"step\": null, \"low\": 1e-05, \"high\": 10.0, \"log\": true}}"}
{"op_code":5,"worker_id":"b76a92c8-ed4f-4eee-872e-077ed04607cf-14943744000","trial_id":3,"param_name":"learning_rate_init","param_value_internal":0.00019282346378554882,"distribution":"{\"name\": \"FloatDistribution\", \"attributes\": {\"step\": null, \"low\": 0.0001, \"high\": 0.01, \"log\": true}}"}
{"op_code":5,"worker_id":"b76a92c8-ed4f-4eee-872e-077ed04607cf-15016620032","trial_id":11,"param_name":"alpha","param_value_internal":8.981120763431057e-05,"distribution":"{\"name\": \"FloatDistribution\", \"attributes\": {\"step\": null, \"low\": 1e-05, \"high\": 10.0, \"log\": true}}"}
{"op_code":5,"worker_id":"b76a92c8-ed4f-4eee-872e-077ed04607cf-14926917632","trial_id":10,"param_name":"learning_rate_init","param_value_internal":0.0037980527181907275,"distribution":"{\"name\": \"FloatDistribution\", \"attributes\": {\"step\": null, \"low\": 0.0001, \"high\": 0.01, \"log\": true}}"}
{"op_code":5,"worker_id":"b76a92c8-ed4f-4eee-872e-077ed04607cf-15016620032","trial_id":11,"param_name":"learning_rate_init","param_value_internal":0.0011527708417017862,"distribution":"{\"name\": \"FloatDistribution\", \"attributes\": {\"step\": null, \"low\": 0.0001, \"high\": 0.01, \"log\": true}}"}
{"op_code":6,"worker_id":"b76a92c8-ed4f-4eee-872e-077ed04607cf-14960570368","trial_id":7,"state":1,"values":[0.8288236930815092],"datetime_complete":"2025-07-25T03:55:35.980635"}
{"op_code":4,"worker_id":"b76a92c8-ed4f-4eee-872e-077ed04607cf-14960570368","study_id":0,"datetime_start":"2025-07-25T03:55:36.043700"}
{"op_code":5,"worker_id":"b76a92c8-ed4f-4eee-872e-077ed04607cf-14960570368","trial_id":12,"param_name":"hidden_layer_sizes","param_value_internal":1135.0,"distribution":"{\"name\": \"IntDistribution\", \"attributes\": {\"log\": false, \"step\": 1, \"low\": 8, \"high\": 2048}}"}
{"op_code":5,"worker_id":"b76a92c8-ed4f-4eee-872e-077ed04607cf-14960570368","trial_id":12,"param_name":"alpha","param_value_internal":0.0007872801320560753,"distribution":"{\"name\": \"FloatDistribution\", \"attributes\": {\"step\": null, \"low\": 1e-05, \"high\": 10.0, \"log\": true}}"}
{"op_code":5,"worker_id":"b76a92c8-ed4f-4eee-872e-077ed04607cf-14960570368","trial_id":12,"param_name":"learning_rate_init","param_value_internal":0.00018140326808360524,"distribution":"{\"name\": \"FloatDistribution\", \"attributes\": {\"step\": null, \"low\": 0.0001, \"high\": 0.01, \"log\": true}}"}
{"op_code":6,"worker_id":"b76a92c8-ed4f-4eee-872e-077ed04607cf-15100669952","trial_id":4,"state":1,"values":[0.14865849357909428],"datetime_complete":"2025-07-25T03:57:39.140665"}
{"op_code":4,"worker_id":"b76a92c8-ed4f-4eee-872e-077ed04607cf-15100669952","study_id":0,"datetime_start":"2025-07-25T03:57:39.193486"}
{"op_code":5,"worker_id":"b76a92c8-ed4f-4eee-872e-077ed04607cf-15100669952","trial_id":13,"param_name":"hidden_layer_sizes","param_value_internal":311.0,"distribution":"{\"name\": \"IntDistribution\", \"attributes\": {\"log\": false, \"step\": 1, \"low\": 8, \"high\": 2048}}"}
{"op_code":5,"worker_id":"b76a92c8-ed4f-4eee-872e-077ed04607cf-15100669952","trial_id":13,"param_name":"alpha","param_value_internal":8.500735920365742,"distribution":"{\"name\": \"FloatDistribution\", \"attributes\": {\"step\": null, \"low\": 1e-05, \"high\": 10.0, \"log\": true}}"}
{"op_code":5,"worker_id":"b76a92c8-ed4f-4eee-872e-077ed04607cf-15100669952","trial_id":13,"param_name":"learning_rate_init","param_value_internal":0.0005559866839723623,"distribution":"{\"name\": \"FloatDistribution\", \"attributes\": {\"step\": null, \"low\": 0.0001, \"high\": 0.01, \"log\": true}}"}
{"op_code":6,"worker_id":"b76a92c8-ed4f-4eee-872e-077ed04607cf-14260662272","trial_id":0,"state":1,"values":[0.06036018135832444],"datetime_complete":"2025-07-25T03:58:31.122678"}
{"op_code":4,"worker_id":"b76a92c8-ed4f-4eee-872e-077ed04607cf-14260662272","study_id":0,"datetime_start":"2025-07-25T03:58:31.130539"}
{"op_code":5,"worker_id":"b76a92c8-ed4f-4eee-872e-077ed04607cf-14260662272","trial_id":14,"param_name":"hidden_layer_sizes","param_value_internal":2045.0,"distribution":"{\"name\": \"IntDistribution\", \"attributes\": {\"log\": false, \"step\": 1, \"low\": 8, \"high\": 2048}}"}
{"op_code":5,"worker_id":"b76a92c8-ed4f-4eee-872e-077ed04607cf-14260662272","trial_id":14,"param_name":"alpha","param_value_internal":0.0004390464986112226,"distribution":"{\"name\": \"FloatDistribution\", \"attributes\": {\"step\": null, \"low\": 1e-05, \"high\": 10.0, \"log\": true}}"}
{"op_code":5,"worker_id":"b76a92c8-ed4f-4eee-872e-077ed04607cf-14260662272","trial_id":14,"param_name":"learning_rate_init","param_value_internal":0.0003253042402575254,"distribution":"{\"name\": \"FloatDistribution\", \"attributes\": {\"step\": null, \"low\": 0.0001, \"high\": 0.01, \"log\": true}}"}
{"op_code":6,"worker_id":"b76a92c8-ed4f-4eee-872e-077ed04607cf-13683601408","trial_id":8,"state":1,"values":[0.8465901578989821],"datetime_complete":"2025-07-25T04:00:50.290596"}
{"op_code":4,"worker_id":"b76a92c8-ed4f-4eee-872e-077ed04607cf-13683601408","study_id":0,"datetime_start":"2025-07-25T04:00:50.346941"}
{"op_code":5,"worker_id":"b76a92c8-ed4f-4eee-872e-077ed04607cf-13683601408","trial_id":15,"param_name":"hidden_layer_sizes","param_value_internal":1878.0,"distribution":"{\"name\": \"IntDistribution\", \"attributes\": {\"log\": false, \"step\": 1, \"low\": 8, \"high\": 2048}}"}
{"op_code":5,"worker_id":"b76a92c8-ed4f-4eee-872e-077ed04607cf-13683601408","trial_id":15,"param_name":"alpha","param_value_internal":9.506656921727565e-05,"distribution":"{\"name\": \"FloatDistribution\", \"attributes\": {\"step\": null, \"low\": 1e-05, \"high\": 10.0, \"log\": true}}"}
{"op_code":5,"worker_id":"b76a92c8-ed4f-4eee-872e-077ed04607cf-13683601408","trial_id":15,"param_name":"learning_rate_init","param_value_internal":0.0005374402622723596,"distribution":"{\"name\": \"FloatDistribution\", \"attributes\": {\"step\": null, \"low\": 0.0001, \"high\": 0.01, \"log\": true}}"}
{"op_code":6,"worker_id":"b76a92c8-ed4f-4eee-872e-077ed04607cf-14854156288","trial_id":9,"state":1,"values":[0.8103224588004663],"datetime_complete":"2025-07-25T04:19:29.055204"}
{"op_code":4,"worker_id":"b76a92c8-ed4f-4eee-872e-077ed04607cf-14854156288","study_id":0,"datetime_start":"2025-07-25T04:19:29.292385"}
{"op_code":5,"worker_id":"b76a92c8-ed4f-4eee-872e-077ed04607cf-14854156288","trial_id":16,"param_name":"hidden_layer_sizes","param_value_internal":575.0,"distribution":"{\"name\": \"IntDistribution\", \"attributes\": {\"log\": false, \"step\": 1, \"low\": 8, \"high\": 2048}}"}
{"op_code":5,"worker_id":"b76a92c8-ed4f-4eee-872e-077ed04607cf-14854156288","trial_id":16,"param_name":"alpha","param_value_internal":6.098255916819323,"distribution":"{\"name\": \"FloatDistribution\", \"attributes\": {\"step\": null, \"low\": 1e-05, \"high\": 10.0, \"log\": true}}"}
{"op_code":5,"worker_id":"b76a92c8-ed4f-4eee-872e-077ed04607cf-14854156288","trial_id":16,"param_name":"learning_rate_init","param_value_internal":0.0010438088476802088,"distribution":"{\"name\": \"FloatDistribution\", \"attributes\": {\"step\": null, \"low\": 0.0001, \"high\": 0.01, \"log\": true}}"}
{"op_code":6,"worker_id":"b76a92c8-ed4f-4eee-872e-077ed04607cf-14837329920","trial_id":5,"state":1,"values":[0.8471932100989592],"datetime_complete":"2025-07-25T04:21:44.251536"}
{"op_code":4,"worker_id":"b76a92c8-ed4f-4eee-872e-077ed04607cf-14837329920","study_id":0,"datetime_start":"2025-07-25T04:21:44.321052"}
{"op_code":5,"worker_id":"b76a92c8-ed4f-4eee-872e-077ed04607cf-14837329920","trial_id":17,"param_name":"hidden_layer_sizes","param_value_internal":26.0,"distribution":"{\"name\": \"IntDistribution\", \"attributes\": {\"log\": false, \"step\": 1, \"low\": 8, \"high\": 2048}}"}
{"op_code":5,"worker_id":"b76a92c8-ed4f-4eee-872e-077ed04607cf-14837329920","trial_id":17,"param_name":"alpha","param_value_internal":0.0004941291515575572,"distribution":"{\"name\": \"FloatDistribution\", \"attributes\": {\"step\": null, \"low\": 1e-05, \"high\": 10.0, \"log\": true}}"}
{"op_code":5,"worker_id":"b76a92c8-ed4f-4eee-872e-077ed04607cf-14837329920","trial_id":17,"param_name":"learning_rate_init","param_value_internal":0.0029043356948230048,"distribution":"{\"name\": \"FloatDistribution\", \"attributes\": {\"step\": null, \"low\": 0.0001, \"high\": 0.01, \"log\": true}}"}
{"op_code":6,"worker_id":"b76a92c8-ed4f-4eee-872e-077ed04607cf-14820503552","trial_id":1,"state":1,"values":[0.5369586574226586],"datetime_complete":"2025-07-25T04:23:52.663910"}
{"op_code":4,"worker_id":"b76a92c8-ed4f-4eee-872e-077ed04607cf-14820503552","study_id":0,"datetime_start":"2025-07-25T04:23:52.683405"}
{"op_code":5,"worker_id":"b76a92c8-ed4f-4eee-872e-077ed04607cf-14820503552","trial_id":18,"param_name":"hidden_layer_sizes","param_value_internal":1659.0,"distribution":"{\"name\": \"IntDistribution\", \"attributes\": {\"log\": false, \"step\": 1, \"low\": 8, \"high\": 2048}}"}
{"op_code":5,"worker_id":"b76a92c8-ed4f-4eee-872e-077ed04607cf-14820503552","trial_id":18,"param_name":"alpha","param_value_internal":0.012430635989659726,"distribution":"{\"name\": \"FloatDistribution\", \"attributes\": {\"step\": null, \"low\": 1e-05, \"high\": 10.0, \"log\": true}}"}
{"op_code":5,"worker_id":"b76a92c8-ed4f-4eee-872e-077ed04607cf-14820503552","trial_id":18,"param_name":"learning_rate_init","param_value_internal":0.0077398779436506845,"distribution":"{\"name\": \"FloatDistribution\", \"attributes\": {\"step\": null, \"low\": 0.0001, \"high\": 0.01, \"log\": true}}"}
{"op_code":6,"worker_id":"b76a92c8-ed4f-4eee-872e-077ed04607cf-14910091264","trial_id":2,"state":1,"values":[0.7578186749813611],"datetime_complete":"2025-07-25T04:31:35.084002"}
{"op_code":4,"worker_id":"b76a92c8-ed4f-4eee-872e-077ed04607cf-14910091264","study_id":0,"datetime_start":"2025-07-25T04:31:35.129513"}
{"op_code":5,"worker_id":"b76a92c8-ed4f-4eee-872e-077ed04607cf-14910091264","trial_id":19,"param_name":"hidden_layer_sizes","param_value_internal":38.0,"distribution":"{\"name\": \"IntDistribution\", \"attributes\": {\"log\": false, \"step\": 1, \"low\": 8, \"high\": 2048}}"}
{"op_code":5,"worker_id":"b76a92c8-ed4f-4eee-872e-077ed04607cf-14910091264","trial_id":19,"param_name":"alpha","param_value_internal":0.0007232157568660946,"distribution":"{\"name\": \"FloatDistribution\", \"attributes\": {\"step\": null, \"low\": 1e-05, \"high\": 10.0, \"log\": true}}"}
{"op_code":5,"worker_id":"b76a92c8-ed4f-4eee-872e-077ed04607cf-14910091264","trial_id":19,"param_name":"learning_rate_init","param_value_internal":0.002498961913214463,"distribution":"{\"name\": \"FloatDistribution\", \"attributes\": {\"step\": null, \"low\": 0.0001, \"high\": 0.01, \"log\": true}}"}
{"op_code":6,"worker_id":"b76a92c8-ed4f-4eee-872e-077ed04607cf-14926917632","trial_id":10,"state":1,"values":[0.7580080612926585],"datetime_complete":"2025-07-25T04:32:48.312750"}
{"op_code":4,"worker_id":"b76a92c8-ed4f-4eee-872e-077ed04607cf-14926917632","study_id":0,"datetime_start":"2025-07-25T04:32:48.351929"}
{"op_code":5,"worker_id":"b76a92c8-ed4f-4eee-872e-077ed04607cf-14926917632","trial_id":20,"param_name":"hidden_layer_sizes","param_value_internal":1610.0,"distribution":"{\"name\": \"IntDistribution\", \"attributes\": {\"log\": false, \"step\": 1, \"low\": 8, \"high\": 2048}}"}
{"op_code":5,"worker_id":"b76a92c8-ed4f-4eee-872e-077ed04607cf-14926917632","trial_id":20,"param_name":"alpha","param_value_internal":1.8220849154661394,"distribution":"{\"name\": \"FloatDistribution\", \"attributes\": {\"step\": null, \"low\": 1e-05, \"high\": 10.0, \"log\": true}}"}
{"op_code":5,"worker_id":"b76a92c8-ed4f-4eee-872e-077ed04607cf-14926917632","trial_id":20,"param_name":"learning_rate_init","param_value_internal":0.00015211721113585948,"distribution":"{\"name\": \"FloatDistribution\", \"attributes\": {\"step\": null, \"low\": 0.0001, \"high\": 0.01, \"log\": true}}"}
{"op_code":6,"worker_id":"b76a92c8-ed4f-4eee-872e-077ed04607cf-15016620032","trial_id":11,"state":1,"values":[0.8156998539147867],"datetime_complete":"2025-07-25T04:41:11.005039"}
{"op_code":4,"worker_id":"b76a92c8-ed4f-4eee-872e-077ed04607cf-15016620032","study_id":0,"datetime_start":"2025-07-25T04:41:11.033962"}
{"op_code":5,"worker_id":"b76a92c8-ed4f-4eee-872e-077ed04607cf-15016620032","trial_id":21,"param_name":"hidden_layer_sizes","param_value_internal":1984.0,"distribution":"{\"name\": \"IntDistribution\", \"attributes\": {\"log\": false, \"step\": 1, \"low\": 8, \"high\": 2048}}"}
{"op_code":5,"worker_id":"b76a92c8-ed4f-4eee-872e-077ed04607cf-15016620032","trial_id":21,"param_name":"alpha","param_value_internal":2.213811880561948e-05,"distribution":"{\"name\": \"FloatDistribution\", \"attributes\": {\"step\": null, \"low\": 1e-05, \"high\": 10.0, \"log\": true}}"}
{"op_code":5,"worker_id":"b76a92c8-ed4f-4eee-872e-077ed04607cf-15016620032","trial_id":21,"param_name":"learning_rate_init","param_value_internal":0.00046786921470617096,"distribution":"{\"name\": \"FloatDistribution\", \"attributes\": {\"step\": null, \"low\": 0.0001, \"high\": 0.01, \"log\": true}}"}
{"op_code":6,"worker_id":"b76a92c8-ed4f-4eee-872e-077ed04607cf-14960570368","trial_id":12,"state":1,"values":[0.841628137593465],"datetime_complete":"2025-07-25T04:46:27.473853"}
{"op_code":4,"worker_id":"b76a92c8-ed4f-4eee-872e-077ed04607cf-14960570368","study_id":0,"datetime_start":"2025-07-25T04:46:27.538102"}
{"op_code":5,"worker_id":"b76a92c8-ed4f-4eee-872e-077ed04607cf-14960570368","trial_id":22,"param_name":"hidden_layer_sizes","param_value_internal":1945.0,"distribution":"{\"name\": \"IntDistribution\", \"attributes\": {\"log\": false, \"step\": 1, \"low\": 8, \"high\": 2048}}"}
{"op_code":5,"worker_id":"b76a92c8-ed4f-4eee-872e-077ed04607cf-14960570368","trial_id":22,"param_name":"alpha","param_value_internal":3.622492863517659e-05,"distribution":"{\"name\": \"FloatDistribution\", \"attributes\": {\"step\": null, \"low\": 1e-05, \"high\": 10.0, \"log\": true}}"}
{"op_code":5,"worker_id":"b76a92c8-ed4f-4eee-872e-077ed04607cf-14960570368","trial_id":22,"param_name":"learning_rate_init","param_value_internal":0.0006274330818619938,"distribution":"{\"name\": \"FloatDistribution\", \"attributes\": {\"step\": null, \"low\": 0.0001, \"high\": 0.01, \"log\": true}}"}
{"op_code":6,"worker_id":"b76a92c8-ed4f-4eee-872e-077ed04607cf-15100669952","trial_id":13,"state":1,"values":[0.8235791581482743],"datetime_complete":"2025-07-25T04:55:17.116582"}
{"op_code":4,"worker_id":"b76a92c8-ed4f-4eee-872e-077ed04607cf-15100669952","study_id":0,"datetime_start":"2025-07-25T04:55:17.179477"}
{"op_code":5,"worker_id":"b76a92c8-ed4f-4eee-872e-077ed04607cf-15100669952","trial_id":23,"param_name":"hidden_layer_sizes","param_value_internal":2039.0,"distribution":"{\"name\": \"IntDistribution\", \"attributes\": {\"log\": false, \"step\": 1, \"low\": 8, \"high\": 2048}}"}
{"op_code":5,"worker_id":"b76a92c8-ed4f-4eee-872e-077ed04607cf-15100669952","trial_id":23,"param_name":"alpha","param_value_internal":1.9475257396379725e-05,"distribution":"{\"name\": \"FloatDistribution\", \"attributes\": {\"step\": null, \"low\": 1e-05, \"high\": 10.0, \"log\": true}}"}
{"op_code":5,"worker_id":"b76a92c8-ed4f-4eee-872e-077ed04607cf-15100669952","trial_id":23,"param_name":"learning_rate_init","param_value_internal":0.0009391523659379326,"distribution":"{\"name\": \"FloatDistribution\", \"attributes\": {\"step\": null, \"low\": 0.0001, \"high\": 0.01, \"log\": true}}"}
{"op_code":6,"worker_id":"b76a92c8-ed4f-4eee-872e-077ed04607cf-14260662272","trial_id":14,"state":1,"values":[0.8288453723647278],"datetime_complete":"2025-07-25T05:46:03.442001"}
{"op_code":4,"worker_id":"b76a92c8-ed4f-4eee-872e-077ed04607cf-14260662272","study_id":0,"datetime_start":"2025-07-25T05:46:03.626824"}
{"op_code":5,"worker_id":"b76a92c8-ed4f-4eee-872e-077ed04607cf-14260662272","trial_id":24,"param_name":"hidden_layer_sizes","param_value_internal":839.0,"distribution":"{\"name\": \"IntDistribution\", \"attributes\": {\"log\": false, \"step\": 1, \"low\": 8, \"high\": 2048}}"}
{"op_code":5,"worker_id":"b76a92c8-ed4f-4eee-872e-077ed04607cf-14260662272","trial_id":24,"param_name":"alpha","param_value_internal":3.3572536090197194e-05,"distribution":"{\"name\": \"FloatDistribution\", \"attributes\": {\"step\": null, \"low\": 1e-05, \"high\": 10.0, \"log\": true}}"}
{"op_code":5,"worker_id":"b76a92c8-ed4f-4eee-872e-077ed04607cf-14260662272","trial_id":24,"param_name":"learning_rate_init","param_value_internal":0.0008524119596400718,"distribution":"{\"name\": \"FloatDistribution\", \"attributes\": {\"step\": null, \"low\": 0.0001, \"high\": 0.01, \"log\": true}}"}
{"op_code":6,"worker_id":"b76a92c8-ed4f-4eee-872e-077ed04607cf-13683601408","trial_id":15,"state":1,"values":[0.8396544861773929],"datetime_complete":"2025-07-25T06:15:22.234478"}
{"op_code":4,"worker_id":"b76a92c8-ed4f-4eee-872e-077ed04607cf-13683601408","study_id":0,"datetime_start":"2025-07-25T06:15:22.302842"}
{"op_code":5,"worker_id":"b76a92c8-ed4f-4eee-872e-077ed04607cf-13683601408","trial_id":25,"param_name":"hidden_layer_sizes","param_value_internal":688.0,"distribution":"{\"name\": \"IntDistribution\", \"attributes\": {\"log\": false, \"step\": 1, \"low\": 8, \"high\": 2048}}"}
{"op_code":5,"worker_id":"b76a92c8-ed4f-4eee-872e-077ed04607cf-13683601408","trial_id":25,"param_name":"alpha","param_value_internal":0.033324726616347666,"distribution":"{\"name\": \"FloatDistribution\", \"attributes\": {\"step\": null, \"low\": 1e-05, \"high\": 10.0, \"log\": true}}"}
{"op_code":5,"worker_id":"b76a92c8-ed4f-4eee-872e-077ed04607cf-13683601408","trial_id":25,"param_name":"learning_rate_init","param_value_internal":0.0011095626282589448,"distribution":"{\"name\": \"FloatDistribution\", \"attributes\": {\"step\": null, \"low\": 0.0001, \"high\": 0.01, \"log\": true}}"}
{"op_code":6,"worker_id":"b76a92c8-ed4f-4eee-872e-077ed04607cf-14837329920","trial_id":17,"state":1,"values":[0.7949370525246563],"datetime_complete":"2025-07-25T06:22:21.117542"}
{"op_code":4,"worker_id":"b76a92c8-ed4f-4eee-872e-077ed04607cf-14837329920","study_id":0,"datetime_start":"2025-07-25T06:22:21.141639"}
{"op_code":5,"worker_id":"b76a92c8-ed4f-4eee-872e-077ed04607cf-14837329920","trial_id":26,"param_name":"hidden_layer_sizes","param_value_internal":720.0,"distribution":"{\"name\": \"IntDistribution\", \"attributes\": {\"log\": false, \"step\": 1, \"low\": 8, \"high\": 2048}}"}
{"op_code":5,"worker_id":"b76a92c8-ed4f-4eee-872e-077ed04607cf-14837329920","trial_id":26,"param_name":"alpha","param_value_internal":2.1384875851514325e-05,"distribution":"{\"name\": \"FloatDistribution\", \"attributes\": {\"step\": null, \"low\": 1e-05, \"high\": 10.0, \"log\": true}}"}
{"op_code":5,"worker_id":"b76a92c8-ed4f-4eee-872e-077ed04607cf-14837329920","trial_id":26,"param_name":"learning_rate_init","param_value_internal":0.0011717590554570223,"distribution":"{\"name\": \"FloatDistribution\", \"attributes\": {\"step\": null, \"low\": 0.0001, \"high\": 0.01, \"log\": true}}"}
{"op_code":6,"worker_id":"b76a92c8-ed4f-4eee-872e-077ed04607cf-14854156288","trial_id":16,"state":1,"values":[0.7719109282436593],"datetime_complete":"2025-07-25T06:24:09.337150"}
{"op_code":4,"worker_id":"b76a92c8-ed4f-4eee-872e-077ed04607cf-14854156288","study_id":0,"datetime_start":"2025-07-25T06:24:09.392605"}
{"op_code":5,"worker_id":"b76a92c8-ed4f-4eee-872e-077ed04607cf-14854156288","trial_id":27,"param_name":"hidden_layer_sizes","param_value_internal":731.0,"distribution":"{\"name\": \"IntDistribution\", \"attributes\": {\"log\": false, \"step\": 1, \"low\": 8, \"high\": 2048}}"}
{"op_code":5,"worker_id":"b76a92c8-ed4f-4eee-872e-077ed04607cf-14854156288","trial_id":27,"param_name":"alpha","param_value_internal":1.3077389497697825e-05,"distribution":"{\"name\": \"FloatDistribution\", \"attributes\": {\"step\": null, \"low\": 1e-05, \"high\": 10.0, \"log\": true}}"}
{"op_code":5,"worker_id":"b76a92c8-ed4f-4eee-872e-077ed04607cf-14854156288","trial_id":27,"param_name":"learning_rate_init","param_value_internal":0.001579702631967576,"distribution":"{\"name\": \"FloatDistribution\", \"attributes\": {\"step\": null, \"low\": 0.0001, \"high\": 0.01, \"log\": true}}"}
{"op_code":6,"worker_id":"b76a92c8-ed4f-4eee-872e-077ed04607cf-14820503552","trial_id":18,"state":1,"values":[0.0753714637171466],"datetime_complete":"2025-07-25T06:29:51.135695"}
{"op_code":4,"worker_id":"b76a92c8-ed4f-4eee-872e-077ed04607cf-14820503552","study_id":0,"datetime_start":"2025-07-25T06:29:51.255043"}
{"op_code":5,"worker_id":"b76a92c8-ed4f-4eee-872e-077ed04607cf-14820503552","trial_id":28,"param_name":"hidden_layer_sizes","param_value_internal":786.0,"distribution":"{\"name\": \"IntDistribution\", \"attributes\": {\"log\": false, \"step\": 1, \"low\": 8, \"high\": 2048}}"}
{"op_code":5,"worker_id":"b76a92c8-ed4f-4eee-872e-077ed04607cf-14820503552","trial_id":28,"param_name":"alpha","param_value_internal":2.0771593795397236e-05,"distribution":"{\"name\": \"FloatDistribution\", \"attributes\": {\"step\": null, \"low\": 1e-05, \"high\": 10.0, \"log\": true}}"}
{"op_code":5,"worker_id":"b76a92c8-ed4f-4eee-872e-077ed04607cf-14820503552","trial_id":28,"param_name":"learning_rate_init","param_value_internal":0.0011796714234617632,"distribution":"{\"name\": \"FloatDistribution\", \"attributes\": {\"step\": null, \"low\": 0.0001, \"high\": 0.01, \"log\": true}}"}
{"op_code":6,"worker_id":"b76a92c8-ed4f-4eee-872e-077ed04607cf-14910091264","trial_id":19,"state":1,"values":[0.8059038146231886],"datetime_complete":"2025-07-25T06:30:11.385368"}
{"op_code":4,"worker_id":"b76a92c8-ed4f-4eee-872e-077ed04607cf-14910091264","study_id":0,"datetime_start":"2025-07-25T06:30:11.406698"}
{"op_code":5,"worker_id":"b76a92c8-ed4f-4eee-872e-077ed04607cf-14910091264","trial_id":29,"param_name":"hidden_layer_sizes","param_value_internal":806.0,"distribution":"{\"name\": \"IntDistribution\", \"attributes\": {\"log\": false, \"step\": 1, \"low\": 8, \"high\": 2048}}"}
{"op_code":5,"worker_id":"b76a92c8-ed4f-4eee-872e-077ed04607cf-14910091264","trial_id":29,"param_name":"alpha","param_value_internal":1.905572680778145e-05,"distribution":"{\"name\": \"FloatDistribution\", \"attributes\": {\"step\": null, \"low\": 1e-05, \"high\": 10.0, \"log\": true}}"}
{"op_code":5,"worker_id":"b76a92c8-ed4f-4eee-872e-077ed04607cf-14910091264","trial_id":29,"param_name":"learning_rate_init","param_value_internal":0.0016286221618949572,"distribution":"{\"name\": \"FloatDistribution\", \"attributes\": {\"step\": null, \"low\": 0.0001, \"high\": 0.01, \"log\": true}}"}
{"op_code":6,"worker_id":"b76a92c8-ed4f-4eee-872e-077ed04607cf-14708436992","trial_id":6,"state":1,"values":[0.8514169805990509],"datetime_complete":"2025-07-25T06:47:51.918358"}
{"op_code":4,"worker_id":"b76a92c8-ed4f-4eee-872e-077ed04607cf-14708436992","study_id":0,"datetime_start":"2025-07-25T06:47:51.982484"}
{"op_code":5,"worker_id":"b76a92c8-ed4f-4eee-872e-077ed04607cf-14708436992","trial_id":30,"param_name":"hidden_layer_sizes","param_value_internal":1462.0,"distribution":"{\"name\": \"IntDistribution\", \"attributes\": {\"log\": false, \"step\": 1, \"low\": 8, \"high\": 2048}}"}
{"op_code":5,"worker_id":"b76a92c8-ed4f-4eee-872e-077ed04607cf-14708436992","trial_id":30,"param_name":"alpha","param_value_internal":1.3757550602175204e-05,"distribution":"{\"name\": \"FloatDistribution\", \"attributes\": {\"step\": null, \"low\": 1e-05, \"high\": 10.0, \"log\": true}}"}
{"op_code":5,"worker_id":"b76a92c8-ed4f-4eee-872e-077ed04607cf-14708436992","trial_id":30,"param_name":"learning_rate_init","param_value_internal":0.0005687126803639714,"distribution":"{\"name\": \"FloatDistribution\", \"attributes\": {\"step\": null, \"low\": 0.0001, \"high\": 0.01, \"log\": true}}"}
{"op_code":6,"worker_id":"b76a92c8-ed4f-4eee-872e-077ed04607cf-14943744000","trial_id":3,"state":1,"values":[0.8655927370587151],"datetime_complete":"2025-07-25T07:34:33.373450"}
{"op_code":4,"worker_id":"b76a92c8-ed4f-4eee-872e-077ed04607cf-14943744000","study_id":0,"datetime_start":"2025-07-25T07:34:33.472869"}
{"op_code":5,"worker_id":"b76a92c8-ed4f-4eee-872e-077ed04607cf-14943744000","trial_id":31,"param_name":"hidden_layer_sizes","param_value_internal":1365.0,"distribution":"{\"name\": \"IntDistribution\", \"attributes\": {\"log\": false, \"step\": 1, \"low\": 8, \"high\": 2048}}"}
{"op_code":5,"worker_id":"b76a92c8-ed4f-4eee-872e-077ed04607cf-14943744000","trial_id":31,"param_name":"alpha","param_value_internal":0.06590600289315071,"distribution":"{\"name\": \"FloatDistribution\", \"attributes\": {\"step\": null, \"low\": 1e-05, \"high\": 10.0, \"log\": true}}"}
{"op_code":5,"worker_id":"b76a92c8-ed4f-4eee-872e-077ed04607cf-14943744000","trial_id":31,"param_name":"learning_rate_init","param_value_internal":0.00011237619661398967,"distribution":"{\"name\": \"FloatDistribution\", \"attributes\": {\"step\": null, \"low\": 0.0001, \"high\": 0.01, \"log\": true}}"}
{"op_code":6,"worker_id":"b76a92c8-ed4f-4eee-872e-077ed04607cf-15016620032","trial_id":21,"state":1,"values":[0.8404231574067109],"datetime_complete":"2025-07-25T07:43:06.306842"}
{"op_code":4,"worker_id":"b76a92c8-ed4f-4eee-872e-077ed04607cf-15016620032","study_id":0,"datetime_start":"2025-07-25T07:43:06.416570"}
{"op_code":5,"worker_id":"b76a92c8-ed4f-4eee-872e-077ed04607cf-15016620032","trial_id":32,"param_name":"hidden_layer_sizes","param_value_internal":1461.0,"distribution":"{\"name\": \"IntDistribution\", \"attributes\": {\"log\": false, \"step\": 1, \"low\": 8, \"high\": 2048}}"}
{"op_code":5,"worker_id":"b76a92c8-ed4f-4eee-872e-077ed04607cf-15016620032","trial_id":32,"param_name":"alpha","param_value_internal":0.057622357066601716,"distribution":"{\"name\": \"FloatDistribution\", \"attributes\": {\"step\": null, \"low\": 1e-05, \"high\": 10.0, \"log\": true}}"}
{"op_code":5,"worker_id":"b76a92c8-ed4f-4eee-872e-077ed04607cf-15016620032","trial_id":32,"param_name":"learning_rate_init","param_value_internal":0.00010122089182626585,"distribution":"{\"name\": \"FloatDistribution\", \"attributes\": {\"step\": null, \"low\": 0.0001, \"high\": 0.01, \"log\": true}}"}
{"op_code":6,"worker_id":"b76a92c8-ed4f-4eee-872e-077ed04607cf-14260662272","trial_id":24,"state":1,"values":[0.8170314579671502],"datetime_complete":"2025-07-25T07:51:06.076584"}
{"op_code":4,"worker_id":"b76a92c8-ed4f-4eee-872e-077ed04607cf-14260662272","study_id":0,"datetime_start":"2025-07-25T07:51:06.225819"}
{"op_code":5,"worker_id":"b76a92c8-ed4f-4eee-872e-077ed04607cf-14260662272","trial_id":33,"param_name":"hidden_layer_sizes","param_value_internal":1480.0,"distribution":"{\"name\": \"IntDistribution\", \"attributes\": {\"log\": false, \"step\": 1, \"low\": 8, \"high\": 2048}}"}
{"op_code":5,"worker_id":"b76a92c8-ed4f-4eee-872e-077ed04607cf-14260662272","trial_id":33,"param_name":"alpha","param_value_internal":0.12149300024142581,"distribution":"{\"name\": \"FloatDistribution\", \"attributes\": {\"step\": null, \"low\": 1e-05, \"high\": 10.0, \"log\": true}}"}
{"op_code":5,"worker_id":"b76a92c8-ed4f-4eee-872e-077ed04607cf-14260662272","trial_id":33,"param_name":"learning_rate_init","param_value_internal":0.0001245284725880365,"distribution":"{\"name\": \"FloatDistribution\", \"attributes\": {\"step\": null, \"low\": 0.0001, \"high\": 0.01, \"log\": true}}"}
{"op_code":6,"worker_id":"b76a92c8-ed4f-4eee-872e-077ed04607cf-14960570368","trial_id":22,"state":1,"values":[0.8210655993203204],"datetime_complete":"2025-07-25T07:52:08.822464"}
{"op_code":4,"worker_id":"b76a92c8-ed4f-4eee-872e-077ed04607cf-14960570368","study_id":0,"datetime_start":"2025-07-25T07:52:08.905428"}
{"op_code":5,"worker_id":"b76a92c8-ed4f-4eee-872e-077ed04607cf-14960570368","trial_id":34,"param_name":"hidden_layer_sizes","param_value_internal":1452.0,"distribution":"{\"name\": \"IntDistribution\", \"attributes\": {\"log\": false, \"step\": 1, \"low\": 8, \"high\": 2048}}"}
{"op_code":5,"worker_id":"b76a92c8-ed4f-4eee-872e-077ed04607cf-14960570368","trial_id":34,"param_name":"alpha","param_value_internal":0.05054352690404976,"distribution":"{\"name\": \"FloatDistribution\", \"attributes\": {\"step\": null, \"low\": 1e-05, \"high\": 10.0, \"log\": true}}"}
{"op_code":5,"worker_id":"b76a92c8-ed4f-4eee-872e-077ed04607cf-14960570368","trial_id":34,"param_name":"learning_rate_init","param_value_internal":0.00013054702297633235,"distribution":"{\"name\": \"FloatDistribution\", \"attributes\": {\"step\": null, \"low\": 0.0001, \"high\": 0.01, \"log\": true}}"}
{"op_code":6,"worker_id":"b76a92c8-ed4f-4eee-872e-077ed04607cf-14926917632","trial_id":20,"state":1,"values":[0.7726914858241424],"datetime_complete":"2025-07-25T07:54:56.539454"}
{"op_code":4,"worker_id":"b76a92c8-ed4f-4eee-872e-077ed04607cf-14926917632","study_id":0,"datetime_start":"2025-07-25T07:54:56.583937"}
{"op_code":5,"worker_id":"b76a92c8-ed4f-4eee-872e-077ed04607cf-14926917632","trial_id":35,"param_name":"hidden_layer_sizes","param_value_internal":1425.0,"distribution":"{\"name\": \"IntDistribution\", \"attributes\": {\"log\": false, \"step\": 1, \"low\": 8, \"high\": 2048}}"}
{"op_code":5,"worker_id":"b76a92c8-ed4f-4eee-872e-077ed04607cf-14926917632","trial_id":35,"param_name":"alpha","param_value_internal":0.05244818267787821,"distribution":"{\"name\": \"FloatDistribution\", \"attributes\": {\"step\": null, \"low\": 1e-05, \"high\": 10.0, \"log\": true}}"}
{"op_code":5,"worker_id":"b76a92c8-ed4f-4eee-872e-077ed04607cf-14926917632","trial_id":35,"param_name":"learning_rate_init","param_value_internal":0.00011447106194676949,"distribution":"{\"name\": \"FloatDistribution\", \"attributes\": {\"step\": null, \"low\": 0.0001, \"high\": 0.01, \"log\": true}}"}
{"op_code":6,"worker_id":"b76a92c8-ed4f-4eee-872e-077ed04607cf-15100669952","trial_id":23,"state":1,"values":[0.8339162590941515],"datetime_complete":"2025-07-25T07:57:40.838828"}
{"op_code":4,"worker_id":"b76a92c8-ed4f-4eee-872e-077ed04607cf-15100669952","study_id":0,"datetime_start":"2025-07-25T07:57:40.843670"}
{"op_code":5,"worker_id":"b76a92c8-ed4f-4eee-872e-077ed04607cf-15100669952","trial_id":36,"param_name":"hidden_layer_sizes","param_value_internal":1458.0,"distribution":"{\"name\": \"IntDistribution\", \"attributes\": {\"log\": false, \"step\": 1, \"low\": 8, \"high\": 2048}}"}
{"op_code":5,"worker_id":"b76a92c8-ed4f-4eee-872e-077ed04607cf-15100669952","trial_id":36,"param_name":"alpha","param_value_internal":0.04859094937505565,"distribution":"{\"name\": \"FloatDistribution\", \"attributes\": {\"step\": null, \"low\": 1e-05, \"high\": 10.0, \"log\": true}}"}
{"op_code":5,"worker_id":"b76a92c8-ed4f-4eee-872e-077ed04607cf-15100669952","trial_id":36,"param_name":"learning_rate_init","param_value_internal":0.00011258082285160922,"distribution":"{\"name\": \"FloatDistribution\", \"attributes\": {\"step\": null, \"low\": 0.0001, \"high\": 0.01, \"log\": true}}"}
{"op_code":6,"worker_id":"b76a92c8-ed4f-4eee-872e-077ed04607cf-14837329920","trial_id":26,"state":1,"values":[0.8235539466896815],"datetime_complete":"2025-07-25T07:58:10.479362"}
{"op_code":4,"worker_id":"b76a92c8-ed4f-4eee-872e-077ed04607cf-14837329920","study_id":0,"datetime_start":"2025-07-25T07:58:10.486735"}
{"op_code":5,"worker_id":"b76a92c8-ed4f-4eee-872e-077ed04607cf-14837329920","trial_id":37,"param_name":"hidden_layer_sizes","param_value_internal":1442.0,"distribution":"{\"name\": \"IntDistribution\", \"attributes\": {\"log\": false, \"step\": 1, \"low\": 8, \"high\": 2048}}"}
{"op_code":5,"worker_id":"b76a92c8-ed4f-4eee-872e-077ed04607cf-14837329920","trial_id":37,"param_name":"alpha","param_value_internal":0.052778953881221335,"distribution":"{\"name\": \"FloatDistribution\", \"attributes\": {\"step\": null, \"low\": 1e-05, \"high\": 10.0, \"log\": true}}"}
{"op_code":5,"worker_id":"b76a92c8-ed4f-4eee-872e-077ed04607cf-14837329920","trial_id":37,"param_name":"learning_rate_init","param_value_internal":0.00010515963070845919,"distribution":"{\"name\": \"FloatDistribution\", \"attributes\": {\"step\": null, \"low\": 0.0001, \"high\": 0.01, \"log\": true}}"}
{"op_code":6,"worker_id":"b76a92c8-ed4f-4eee-872e-077ed04607cf-14854156288","trial_id":27,"state":1,"values":[0.8195564925488311],"datetime_complete":"2025-07-25T07:58:59.348158"}
{"op_code":4,"worker_id":"b76a92c8-ed4f-4eee-872e-077ed04607cf-14854156288","study_id":0,"datetime_start":"2025-07-25T07:58:59.363048"}
{"op_code":5,"worker_id":"b76a92c8-ed4f-4eee-872e-077ed04607cf-14854156288","trial_id":38,"param_name":"hidden_layer_sizes","param_value_internal":1400.0,"distribution":"{\"name\": \"IntDistribution\", \"attributes\": {\"log\": false, \"step\": 1, \"low\": 8, \"high\": 2048}}"}
{"op_code":5,"worker_id":"b76a92c8-ed4f-4eee-872e-077ed04607cf-14854156288","trial_id":38,"param_name":"alpha","param_value_internal":0.04516491569480711,"distribution":"{\"name\": \"FloatDistribution\", \"attributes\": {\"step\": null, \"low\": 1e-05, \"high\": 10.0, \"log\": true}}"}
{"op_code":5,"worker_id":"b76a92c8-ed4f-4eee-872e-077ed04607cf-14854156288","trial_id":38,"param_name":"learning_rate_init","param_value_internal":0.00010197049978885253,"distribution":"{\"name\": \"FloatDistribution\", \"attributes\": {\"step\": null, \"low\": 0.0001, \"high\": 0.01, \"log\": true}}"}
{"op_code":6,"worker_id":"b76a92c8-ed4f-4eee-872e-077ed04607cf-14820503552","trial_id":28,"state":1,"values":[0.8342689465651965],"datetime_complete":"2025-07-25T08:00:24.017419"}
{"op_code":4,"worker_id":"b76a92c8-ed4f-4eee-872e-077ed04607cf-14820503552","study_id":0,"datetime_start":"2025-07-25T08:00:24.045023"}
{"op_code":5,"worker_id":"b76a92c8-ed4f-4eee-872e-077ed04607cf-14820503552","trial_id":39,"param_name":"hidden_layer_sizes","param_value_internal":1456.0,"distribution":"{\"name\": \"IntDistribution\", \"attributes\": {\"log\": false, \"step\": 1, \"low\": 8, \"high\": 2048}}"}
{"op_code":5,"worker_id":"b76a92c8-ed4f-4eee-872e-077ed04607cf-14820503552","trial_id":39,"param_name":"alpha","param_value_internal":0.04628682101295437,"distribution":"{\"name\": \"FloatDistribution\", \"attributes\": {\"step\": null, \"low\": 1e-05, \"high\": 10.0, \"log\": true}}"}
{"op_code":5,"worker_id":"b76a92c8-ed4f-4eee-872e-077ed04607cf-14820503552","trial_id":39,"param_name":"learning_rate_init","param_value_internal":0.00029212342799347707,"distribution":"{\"name\": \"FloatDistribution\", \"attributes\": {\"step\": null, \"low\": 0.0001, \"high\": 0.01, \"log\": true}}"}
{"op_code":6,"worker_id":"b76a92c8-ed4f-4eee-872e-077ed04607cf-14910091264","trial_id":29,"state":1,"values":[0.8097382740231183],"datetime_complete":"2025-07-25T08:01:57.815552"}
{"op_code":4,"worker_id":"b76a92c8-ed4f-4eee-872e-077ed04607cf-14910091264","study_id":0,"datetime_start":"2025-07-25T08:01:57.881453"}
{"op_code":5,"worker_id":"b76a92c8-ed4f-4eee-872e-077ed04607cf-14910091264","trial_id":40,"param_name":"hidden_layer_sizes","param_value_internal":1444.0,"distribution":"{\"name\": \"IntDistribution\", \"attributes\": {\"log\": false, \"step\": 1, \"low\": 8, \"high\": 2048}}"}
{"op_code":5,"worker_id":"b76a92c8-ed4f-4eee-872e-077ed04607cf-14910091264","trial_id":40,"param_name":"alpha","param_value_internal":0.08362403674154432,"distribution":"{\"name\": \"FloatDistribution\", \"attributes\": {\"step\": null, \"low\": 1e-05, \"high\": 10.0, \"log\": true}}"}
{"op_code":5,"worker_id":"b76a92c8-ed4f-4eee-872e-077ed04607cf-14910091264","trial_id":40,"param_name":"learning_rate_init","param_value_internal":0.00010858573305835885,"distribution":"{\"name\": \"FloatDistribution\", \"attributes\": {\"step\": null, \"low\": 0.0001, \"high\": 0.01, \"log\": true}}"}
{"op_code":6,"worker_id":"b76a92c8-ed4f-4eee-872e-077ed04607cf-14708436992","trial_id":30,"state":1,"values":[0.8287453381511893],"datetime_complete":"2025-07-25T08:04:34.558173"}
{"op_code":4,"worker_id":"b76a92c8-ed4f-4eee-872e-077ed04607cf-14708436992","study_id":0,"datetime_start":"2025-07-25T08:04:34.585126"}
{"op_code":5,"worker_id":"b76a92c8-ed4f-4eee-872e-077ed04607cf-14708436992","trial_id":41,"param_name":"hidden_layer_sizes","param_value_internal":1416.0,"distribution":"{\"name\": \"IntDistribution\", \"attributes\": {\"log\": false, \"step\": 1, \"low\": 8, \"high\": 2048}}"}
{"op_code":5,"worker_id":"b76a92c8-ed4f-4eee-872e-077ed04607cf-14708436992","trial_id":41,"param_name":"alpha","param_value_internal":0.05008653237705823,"distribution":"{\"name\": \"FloatDistribution\", \"attributes\": {\"step\": null, \"low\": 1e-05, \"high\": 10.0, \"log\": true}}"}
{"op_code":5,"worker_id":"b76a92c8-ed4f-4eee-872e-077ed04607cf-14708436992","trial_id":41,"param_name":"learning_rate_init","param_value_internal":0.00011196166453377048,"distribution":"{\"name\": \"FloatDistribution\", \"attributes\": {\"step\": null, \"low\": 0.0001, \"high\": 0.01, \"log\": true}}"}
{"op_code":6,"worker_id":"b76a92c8-ed4f-4eee-872e-077ed04607cf-13683601408","trial_id":25,"state":1,"values":[0.5823410304499221],"datetime_complete":"2025-07-25T08:10:36.859574"}
{"op_code":4,"worker_id":"b76a92c8-ed4f-4eee-872e-077ed04607cf-13683601408","study_id":0,"datetime_start":"2025-07-25T08:10:36.907308"}
{"op_code":5,"worker_id":"b76a92c8-ed4f-4eee-872e-077ed04607cf-13683601408","trial_id":42,"param_name":"hidden_layer_sizes","param_value_internal":1441.0,"distribution":"{\"name\": \"IntDistribution\", \"attributes\": {\"log\": false, \"step\": 1, \"low\": 8, \"high\": 2048}}"}
{"op_code":5,"worker_id":"b76a92c8-ed4f-4eee-872e-077ed04607cf-13683601408","trial_id":42,"param_name":"alpha","param_value_internal":0.0550996026132178,"distribution":"{\"name\": \"FloatDistribution\", \"attributes\": {\"step\": null, \"low\": 1e-05, \"high\": 10.0, \"log\": true}}"}
{"op_code":5,"worker_id":"b76a92c8-ed4f-4eee-872e-077ed04607cf-13683601408","trial_id":42,"param_name":"learning_rate_init","param_value_internal":0.00010150220084953826,"distribution":"{\"name\": \"FloatDistribution\", \"attributes\": {\"step\": null, \"low\": 0.0001, \"high\": 0.01, \"log\": true}}"}
{"op_code":6,"worker_id":"b76a92c8-ed4f-4eee-872e-077ed04607cf-14943744000","trial_id":31,"state":1,"values":[0.8688612995651092],"datetime_complete":"2025-07-25T09:25:13.872809"}
{"op_code":4,"worker_id":"b76a92c8-ed4f-4eee-872e-077ed04607cf-14943744000","study_id":0,"datetime_start":"2025-07-25T09:25:13.906997"}
{"op_code":5,"worker_id":"b76a92c8-ed4f-4eee-872e-077ed04607cf-14943744000","trial_id":43,"param_name":"hidden_layer_sizes","param_value_internal":1378.0,"distribution":"{\"name\": \"IntDistribution\", \"attributes\": {\"log\": false, \"step\": 1, \"low\": 8, \"high\": 2048}}"}
{"op_code":5,"worker_id":"b76a92c8-ed4f-4eee-872e-077ed04607cf-14943744000","trial_id":43,"param_name":"alpha","param_value_internal":0.07957559571860717,"distribution":"{\"name\": \"FloatDistribution\", \"attributes\": {\"step\": null, \"low\": 1e-05, \"high\": 10.0, \"log\": true}}"}
{"op_code":5,"worker_id":"b76a92c8-ed4f-4eee-872e-077ed04607cf-14943744000","trial_id":43,"param_name":"learning_rate_init","param_value_internal":0.00023918633865784163,"distribution":"{\"name\": \"FloatDistribution\", \"attributes\": {\"step\": null, \"low\": 0.0001, \"high\": 0.01, \"log\": true}}"}
{"op_code":6,"worker_id":"b76a92c8-ed4f-4eee-872e-077ed04607cf-15016620032","trial_id":32,"state":1,"values":[0.8719259184429632],"datetime_complete":"2025-07-25T09:42:21.612451"}
{"op_code":4,"worker_id":"b76a92c8-ed4f-4eee-872e-077ed04607cf-15016620032","study_id":0,"datetime_start":"2025-07-25T09:42:21.666449"}
{"op_code":5,"worker_id":"b76a92c8-ed4f-4eee-872e-077ed04607cf-15016620032","trial_id":44,"param_name":"hidden_layer_sizes","param_value_internal":1399.0,"distribution":"{\"name\": \"IntDistribution\", \"attributes\": {\"log\": false, \"step\": 1, \"low\": 8, \"high\": 2048}}"}
{"op_code":5,"worker_id":"b76a92c8-ed4f-4eee-872e-077ed04607cf-15016620032","trial_id":44,"param_name":"alpha","param_value_internal":0.06429954613207735,"distribution":"{\"name\": \"FloatDistribution\", \"attributes\": {\"step\": null, \"low\": 1e-05, \"high\": 10.0, \"log\": true}}"}
{"op_code":5,"worker_id":"b76a92c8-ed4f-4eee-872e-077ed04607cf-15016620032","trial_id":44,"param_name":"learning_rate_init","param_value_internal":0.00010199848001548254,"distribution":"{\"name\": \"FloatDistribution\", \"attributes\": {\"step\": null, \"low\": 0.0001, \"high\": 0.01, \"log\": true}}"}
{"op_code":6,"worker_id":"b76a92c8-ed4f-4eee-872e-077ed04607cf-14960570368","trial_id":34,"state":1,"values":[0.8639382067585124],"datetime_complete":"2025-07-25T10:37:22.717466"}
{"op_code":6,"worker_id":"b76a92c8-ed4f-4eee-872e-077ed04607cf-14260662272","trial_id":33,"state":1,"values":[0.8736585830547309],"datetime_complete":"2025-07-25T10:37:22.834282"}
{"op_code":0,"worker_id":"87e80074-5a5d-4e6c-9437-4e26de22accd-8209693376","study_name":"baseline_adam_mlp","directions":[2]}
{"op_code":4,"worker_id":"87e80074-5a5d-4e6c-9437-4e26de22accd-13673066496","study_id":0,"datetime_start":"2025-07-26T02:53:01.822193"}
{"op_code":4,"worker_id":"87e80074-5a5d-4e6c-9437-4e26de22accd-13689892864","study_id":0,"datetime_start":"2025-07-26T02:53:01.824230"}
{"op_code":4,"worker_id":"87e80074-5a5d-4e6c-9437-4e26de22accd-14013820928","study_id":0,"datetime_start":"2025-07-26T02:53:01.824576"}
{"op_code":4,"worker_id":"87e80074-5a5d-4e6c-9437-4e26de22accd-13896036352","study_id":0,"datetime_start":"2025-07-26T02:53:01.824120"}
{"op_code":4,"worker_id":"87e80074-5a5d-4e6c-9437-4e26de22accd-13929689088","study_id":0,"datetime_start":"2025-07-26T02:53:01.824178"}
{"op_code":4,"worker_id":"87e80074-5a5d-4e6c-9437-4e26de22accd-13996994560","study_id":0,"datetime_start":"2025-07-26T02:53:01.824540"}
{"op_code":5,"worker_id":"87e80074-5a5d-4e6c-9437-4e26de22accd-13673066496","trial_id":45,"param_name":"hidden_layer_sizes","param_value_internal":1316.0,"distribution":"{\"name\": \"IntDistribution\", \"attributes\": {\"log\": false, \"step\": 1, \"low\": 8, \"high\": 2048}}"}
{"op_code":4,"worker_id":"87e80074-5a5d-4e6c-9437-4e26de22accd-13912862720","study_id":0,"datetime_start":"2025-07-26T02:53:01.824152"}
{"op_code":4,"worker_id":"87e80074-5a5d-4e6c-9437-4e26de22accd-13946515456","study_id":0,"datetime_start":"2025-07-26T02:53:01.824205"}
{"op_code":4,"worker_id":"87e80074-5a5d-4e6c-9437-4e26de22accd-13963341824","study_id":0,"datetime_start":"2025-07-26T02:53:01.827882"}
{"op_code":5,"worker_id":"87e80074-5a5d-4e6c-9437-4e26de22accd-13689892864","trial_id":46,"param_name":"hidden_layer_sizes","param_value_internal":1332.0,"distribution":"{\"name\": \"IntDistribution\", \"attributes\": {\"log\": false, \"step\": 1, \"low\": 8, \"high\": 2048}}"}
{"op_code":4,"worker_id":"87e80074-5a5d-4e6c-9437-4e26de22accd-14030647296","study_id":0,"datetime_start":"2025-07-26T02:53:01.837407"}
{"op_code":5,"worker_id":"87e80074-5a5d-4e6c-9437-4e26de22accd-14013820928","trial_id":47,"param_name":"hidden_layer_sizes","param_value_internal":1308.0,"distribution":"{\"name\": \"IntDistribution\", \"attributes\": {\"log\": false, \"step\": 1, \"low\": 8, \"high\": 2048}}"}
{"op_code":5,"worker_id":"87e80074-5a5d-4e6c-9437-4e26de22accd-13673066496","trial_id":45,"param_name":"alpha","param_value_internal":0.20213164752938964,"distribution":"{\"name\": \"FloatDistribution\", \"attributes\": {\"step\": null, \"low\": 1e-05, \"high\": 10.0, \"log\": true}}"}
{"op_code":4,"worker_id":"87e80074-5a5d-4e6c-9437-4e26de22accd-13980168192","study_id":0,"datetime_start":"2025-07-26T02:53:01.827909"}
{"op_code":5,"worker_id":"87e80074-5a5d-4e6c-9437-4e26de22accd-13689892864","trial_id":46,"param_name":"alpha","param_value_internal":0.17212263773072625,"distribution":"{\"name\": \"FloatDistribution\", \"attributes\": {\"step\": null, \"low\": 1e-05, \"high\": 10.0, \"log\": true}}"}
{"op_code":4,"worker_id":"87e80074-5a5d-4e6c-9437-4e26de22accd-13879209984","study_id":0,"datetime_start":"2025-07-26T02:53:01.830661"}
{"op_code":5,"worker_id":"87e80074-5a5d-4e6c-9437-4e26de22accd-14013820928","trial_id":47,"param_name":"alpha","param_value_internal":0.13778418024163347,"distribution":"{\"name\": \"FloatDistribution\", \"attributes\": {\"step\": null, \"low\": 1e-05, \"high\": 10.0, \"log\": true}}"}
{"op_code":5,"worker_id":"87e80074-5a5d-4e6c-9437-4e26de22accd-13673066496","trial_id":45,"param_name":"learning_rate_init","param_value_internal":0.00010297105098027763,"distribution":"{\"name\": \"FloatDistribution\", \"attributes\": {\"step\": null, \"low\": 0.0001, \"high\": 0.01, \"log\": true}}"}
{"op_code":5,"worker_id":"87e80074-5a5d-4e6c-9437-4e26de22accd-13896036352","trial_id":48,"param_name":"hidden_layer_sizes","param_value_internal":1316.0,"distribution":"{\"name\": \"IntDistribution\", \"attributes\": {\"log\": false, \"step\": 1, \"low\": 8, \"high\": 2048}}"}
{"op_code":5,"worker_id":"87e80074-5a5d-4e6c-9437-4e26de22accd-13912862720","trial_id":51,"param_name":"hidden_layer_sizes","param_value_internal":1261.0,"distribution":"{\"name\": \"IntDistribution\", \"attributes\": {\"log\": false, \"step\": 1, \"low\": 8, \"high\": 2048}}"}
{"op_code":5,"worker_id":"87e80074-5a5d-4e6c-9437-4e26de22accd-13929689088","trial_id":49,"param_name":"hidden_layer_sizes","param_value_internal":1305.0,"distribution":"{\"name\": \"IntDistribution\", \"attributes\": {\"log\": false, \"step\": 1, \"low\": 8, \"high\": 2048}}"}
{"op_code":5,"worker_id":"87e80074-5a5d-4e6c-9437-4e26de22accd-13946515456","trial_id":52,"param_name":"hidden_layer_sizes","param_value_internal":1379.0,"distribution":"{\"name\": \"IntDistribution\", \"attributes\": {\"log\": false, \"step\": 1, \"low\": 8, \"high\": 2048}}"}
{"op_code":5,"worker_id":"87e80074-5a5d-4e6c-9437-4e26de22accd-13689892864","trial_id":46,"param_name":"learning_rate_init","param_value_internal":0.00010003417863763574,"distribution":"{\"name\": \"FloatDistribution\", \"attributes\": {\"step\": null, \"low\": 0.0001, \"high\": 0.01, \"log\": true}}"}
{"op_code":5,"worker_id":"87e80074-5a5d-4e6c-9437-4e26de22accd-13996994560","trial_id":50,"param_name":"hidden_layer_sizes","param_value_internal":1366.0,"distribution":"{\"name\": \"IntDistribution\", \"attributes\": {\"log\": false, \"step\": 1, \"low\": 8, \"high\": 2048}}"}
{"op_code":5,"worker_id":"87e80074-5a5d-4e6c-9437-4e26de22accd-14013820928","trial_id":47,"param_name":"learning_rate_init","param_value_internal":0.0001027409044739788,"distribution":"{\"name\": \"FloatDistribution\", \"attributes\": {\"step\": null, \"low\": 0.0001, \"high\": 0.01, \"log\": true}}"}
{"op_code":5,"worker_id":"87e80074-5a5d-4e6c-9437-4e26de22accd-13896036352","trial_id":48,"param_name":"alpha","param_value_internal":0.11893326633250575,"distribution":"{\"name\": \"FloatDistribution\", \"attributes\": {\"step\": null, \"low\": 1e-05, \"high\": 10.0, \"log\": true}}"}
{"op_code":5,"worker_id":"87e80074-5a5d-4e6c-9437-4e26de22accd-13912862720","trial_id":51,"param_name":"alpha","param_value_internal":0.13454555170399643,"distribution":"{\"name\": \"FloatDistribution\", \"attributes\": {\"step\": null, \"low\": 1e-05, \"high\": 10.0, \"log\": true}}"}
{"op_code":5,"worker_id":"87e80074-5a5d-4e6c-9437-4e26de22accd-13929689088","trial_id":49,"param_name":"alpha","param_value_internal":0.1546117071258033,"distribution":"{\"name\": \"FloatDistribution\", \"attributes\": {\"step\": null, \"low\": 1e-05, \"high\": 10.0, \"log\": true}}"}
{"op_code":5,"worker_id":"87e80074-5a5d-4e6c-9437-4e26de22accd-13946515456","trial_id":52,"param_name":"alpha","param_value_internal":0.17273930735605109,"distribution":"{\"name\": \"FloatDistribution\", \"attributes\": {\"step\": null, \"low\": 1e-05, \"high\": 10.0, \"log\": true}}"}
{"op_code":5,"worker_id":"87e80074-5a5d-4e6c-9437-4e26de22accd-13963341824","trial_id":53,"param_name":"hidden_layer_sizes","param_value_internal":1329.0,"distribution":"{\"name\": \"IntDistribution\", \"attributes\": {\"log\": false, \"step\": 1, \"low\": 8, \"high\": 2048}}"}
{"op_code":5,"worker_id":"87e80074-5a5d-4e6c-9437-4e26de22accd-13980168192","trial_id":55,"param_name":"hidden_layer_sizes","param_value_internal":1351.0,"distribution":"{\"name\": \"IntDistribution\", \"attributes\": {\"log\": false, \"step\": 1, \"low\": 8, \"high\": 2048}}"}
{"op_code":5,"worker_id":"87e80074-5a5d-4e6c-9437-4e26de22accd-13996994560","trial_id":50,"param_name":"alpha","param_value_internal":0.18365038694444155,"distribution":"{\"name\": \"FloatDistribution\", \"attributes\": {\"step\": null, \"low\": 1e-05, \"high\": 10.0, \"log\": true}}"}
{"op_code":5,"worker_id":"87e80074-5a5d-4e6c-9437-4e26de22accd-14030647296","trial_id":54,"param_name":"hidden_layer_sizes","param_value_internal":1311.0,"distribution":"{\"name\": \"IntDistribution\", \"attributes\": {\"log\": false, \"step\": 1, \"low\": 8, \"high\": 2048}}"}
{"op_code":5,"worker_id":"87e80074-5a5d-4e6c-9437-4e26de22accd-13879209984","trial_id":56,"param_name":"hidden_layer_sizes","param_value_internal":1319.0,"distribution":"{\"name\": \"IntDistribution\", \"attributes\": {\"log\": false, \"step\": 1, \"low\": 8, \"high\": 2048}}"}
{"op_code":5,"worker_id":"87e80074-5a5d-4e6c-9437-4e26de22accd-13896036352","trial_id":48,"param_name":"learning_rate_init","param_value_internal":0.0001006416771642332,"distribution":"{\"name\": \"FloatDistribution\", \"attributes\": {\"step\": null, \"low\": 0.0001, \"high\": 0.01, \"log\": true}}"}
{"op_code":5,"worker_id":"87e80074-5a5d-4e6c-9437-4e26de22accd-13912862720","trial_id":51,"param_name":"learning_rate_init","param_value_internal":0.00010756206843713406,"distribution":"{\"name\": \"FloatDistribution\", \"attributes\": {\"step\": null, \"low\": 0.0001, \"high\": 0.01, \"log\": true}}"}
{"op_code":5,"worker_id":"87e80074-5a5d-4e6c-9437-4e26de22accd-13929689088","trial_id":49,"param_name":"learning_rate_init","param_value_internal":0.00010699009656673412,"distribution":"{\"name\": \"FloatDistribution\", \"attributes\": {\"step\": null, \"low\": 0.0001, \"high\": 0.01, \"log\": true}}"}
{"op_code":5,"worker_id":"87e80074-5a5d-4e6c-9437-4e26de22accd-13946515456","trial_id":52,"param_name":"learning_rate_init","param_value_internal":0.00010537877552912239,"distribution":"{\"name\": \"FloatDistribution\", \"attributes\": {\"step\": null, \"low\": 0.0001, \"high\": 0.01, \"log\": true}}"}
{"op_code":5,"worker_id":"87e80074-5a5d-4e6c-9437-4e26de22accd-13963341824","trial_id":53,"param_name":"alpha","param_value_internal":0.13335866139959188,"distribution":"{\"name\": \"FloatDistribution\", \"attributes\": {\"step\": null, \"low\": 1e-05, \"high\": 10.0, \"log\": true}}"}
{"op_code":5,"worker_id":"87e80074-5a5d-4e6c-9437-4e26de22accd-13980168192","trial_id":55,"param_name":"alpha","param_value_internal":0.13141208829530002,"distribution":"{\"name\": \"FloatDistribution\", \"attributes\": {\"step\": null, \"low\": 1e-05, \"high\": 10.0, \"log\": true}}"}
{"op_code":5,"worker_id":"87e80074-5a5d-4e6c-9437-4e26de22accd-13996994560","trial_id":50,"param_name":"learning_rate_init","param_value_internal":0.00010943437755999637,"distribution":"{\"name\": \"FloatDistribution\", \"attributes\": {\"step\": null, \"low\": 0.0001, \"high\": 0.01, \"log\": true}}"}
{"op_code":5,"worker_id":"87e80074-5a5d-4e6c-9437-4e26de22accd-14030647296","trial_id":54,"param_name":"alpha","param_value_internal":0.2530052068909262,"distribution":"{\"name\": \"FloatDistribution\", \"attributes\": {\"step\": null, \"low\": 1e-05, \"high\": 10.0, \"log\": true}}"}
{"op_code":5,"worker_id":"87e80074-5a5d-4e6c-9437-4e26de22accd-13879209984","trial_id":56,"param_name":"alpha","param_value_internal":0.13828683847470422,"distribution":"{\"name\": \"FloatDistribution\", \"attributes\": {\"step\": null, \"low\": 1e-05, \"high\": 10.0, \"log\": true}}"}
{"op_code":5,"worker_id":"87e80074-5a5d-4e6c-9437-4e26de22accd-13963341824","trial_id":53,"param_name":"learning_rate_init","param_value_internal":0.000104814125249135,"distribution":"{\"name\": \"FloatDistribution\", \"attributes\": {\"step\": null, \"low\": 0.0001, \"high\": 0.01, \"log\": true}}"}
{"op_code":5,"worker_id":"87e80074-5a5d-4e6c-9437-4e26de22accd-13980168192","trial_id":55,"param_name":"learning_rate_init","param_value_internal":0.00010477540030521592,"distribution":"{\"name\": \"FloatDistribution\", \"attributes\": {\"step\": null, \"low\": 0.0001, \"high\": 0.01, \"log\": true}}"}
{"op_code":5,"worker_id":"87e80074-5a5d-4e6c-9437-4e26de22accd-14030647296","trial_id":54,"param_name":"learning_rate_init","param_value_internal":0.00010085965763044121,"distribution":"{\"name\": \"FloatDistribution\", \"attributes\": {\"step\": null, \"low\": 0.0001, \"high\": 0.01, \"log\": true}}"}
{"op_code":5,"worker_id":"87e80074-5a5d-4e6c-9437-4e26de22accd-13879209984","trial_id":56,"param_name":"learning_rate_init","param_value_internal":0.00010402941667722757,"distribution":"{\"name\": \"FloatDistribution\", \"attributes\": {\"step\": null, \"low\": 0.0001, \"high\": 0.01, \"log\": true}}"}
{"op_code":6,"worker_id":"87e80074-5a5d-4e6c-9437-4e26de22accd-13689892864","trial_id":46,"state":1,"values":[0.8625148744652952],"datetime_complete":"2025-07-26T03:48:08.224724"}
{"op_code":4,"worker_id":"87e80074-5a5d-4e6c-9437-4e26de22accd-13689892864","study_id":0,"datetime_start":"2025-07-26T03:48:08.345242"}
{"op_code":5,"worker_id":"87e80074-5a5d-4e6c-9437-4e26de22accd-13689892864","trial_id":57,"param_name":"hidden_layer_sizes","param_value_internal":1760.0,"distribution":"{\"name\": \"IntDistribution\", \"attributes\": {\"log\": false, \"step\": 1, \"low\": 8, \"high\": 2048}}"}
{"op_code":5,"worker_id":"87e80074-5a5d-4e6c-9437-4e26de22accd-13689892864","trial_id":57,"param_name":"alpha","param_value_internal":0.15975326464961087,"distribution":"{\"name\": \"FloatDistribution\", \"attributes\": {\"step\": null, \"low\": 1e-05, \"high\": 10.0, \"log\": true}}"}
{"op_code":5,"worker_id":"87e80074-5a5d-4e6c-9437-4e26de22accd-13689892864","trial_id":57,"param_name":"learning_rate_init","param_value_internal":0.00023990487579742637,"distribution":"{\"name\": \"FloatDistribution\", \"attributes\": {\"step\": null, \"low\": 0.0001, \"high\": 0.01, \"log\": true}}"}
{"op_code":6,"worker_id":"87e80074-5a5d-4e6c-9437-4e26de22accd-13673066496","trial_id":45,"state":1,"values":[0.8655719877087906],"datetime_complete":"2025-07-26T03:48:11.150104"}
{"op_code":4,"worker_id":"87e80074-5a5d-4e6c-9437-4e26de22accd-13673066496","study_id":0,"datetime_start":"2025-07-26T03:48:11.160043"}
{"op_code":5,"worker_id":"87e80074-5a5d-4e6c-9437-4e26de22accd-13673066496","trial_id":58,"param_name":"hidden_layer_sizes","param_value_internal":1799.0,"distribution":"{\"name\": \"IntDistribution\", \"attributes\": {\"log\": false, \"step\": 1, \"low\": 8, \"high\": 2048}}"}
{"op_code":5,"worker_id":"87e80074-5a5d-4e6c-9437-4e26de22accd-13673066496","trial_id":58,"param_name":"alpha","param_value_internal":0.09132562271952673,"distribution":"{\"name\": \"FloatDistribution\", \"attributes\": {\"step\": null, \"low\": 1e-05, \"high\": 10.0, \"log\": true}}"}
{"op_code":5,"worker_id":"87e80074-5a5d-4e6c-9437-4e26de22accd-13673066496","trial_id":58,"param_name":"learning_rate_init","param_value_internal":0.00023239173984199524,"distribution":"{\"name\": \"FloatDistribution\", \"attributes\": {\"step\": null, \"low\": 0.0001, \"high\": 0.01, \"log\": true}}"}
{"op_code":6,"worker_id":"87e80074-5a5d-4e6c-9437-4e26de22accd-14013820928","trial_id":47,"state":1,"values":[0.8626667076421117],"datetime_complete":"2025-07-26T04:38:11.956537"}
{"op_code":4,"worker_id":"87e80074-5a5d-4e6c-9437-4e26de22accd-14013820928","study_id":0,"datetime_start":"2025-07-26T04:38:12.019424"}
{"op_code":5,"worker_id":"87e80074-5a5d-4e6c-9437-4e26de22accd-14013820928","trial_id":59,"param_name":"hidden_layer_sizes","param_value_internal":1825.0,"distribution":"{\"name\": \"IntDistribution\", \"attributes\": {\"log\": false, \"step\": 1, \"low\": 8, \"high\": 2048}}"}
{"op_code":5,"worker_id":"87e80074-5a5d-4e6c-9437-4e26de22accd-14013820928","trial_id":59,"param_name":"alpha","param_value_internal":0.5601569987485324,"distribution":"{\"name\": \"FloatDistribution\", \"attributes\": {\"step\": null, \"low\": 1e-05, \"high\": 10.0, \"log\": true}}"}
{"op_code":5,"worker_id":"87e80074-5a5d-4e6c-9437-4e26de22accd-14013820928","trial_id":59,"param_name":"learning_rate_init","param_value_internal":0.00023139824335298147,"distribution":"{\"name\": \"FloatDistribution\", \"attributes\": {\"step\": null, \"low\": 0.0001, \"high\": 0.01, \"log\": true}}"}
{"op_code":6,"worker_id":"87e80074-5a5d-4e6c-9437-4e26de22accd-13896036352","trial_id":48,"state":1,"values":[0.8550019370097759],"datetime_complete":"2025-07-26T04:46:39.384291"}
{"op_code":4,"worker_id":"87e80074-5a5d-4e6c-9437-4e26de22accd-13896036352","study_id":0,"datetime_start":"2025-07-26T04:46:39.442922"}
{"op_code":5,"worker_id":"87e80074-5a5d-4e6c-9437-4e26de22accd-13896036352","trial_id":60,"param_name":"hidden_layer_sizes","param_value_internal":1775.0,"distribution":"{\"name\": \"IntDistribution\", \"attributes\": {\"log\": false, \"step\": 1, \"low\": 8, \"high\": 2048}}"}
{"op_code":5,"worker_id":"87e80074-5a5d-4e6c-9437-4e26de22accd-13896036352","trial_id":60,"param_name":"alpha","param_value_internal":0.6984550699973257,"distribution":"{\"name\": \"FloatDistribution\", \"attributes\": {\"step\": null, \"low\": 1e-05, \"high\": 10.0, \"log\": true}}"}
{"op_code":5,"worker_id":"87e80074-5a5d-4e6c-9437-4e26de22accd-13896036352","trial_id":60,"param_name":"learning_rate_init","param_value_internal":0.00026359290514011514,"distribution":"{\"name\": \"FloatDistribution\", \"attributes\": {\"step\": null, \"low\": 0.0001, \"high\": 0.01, \"log\": true}}"}
{"op_code":6,"worker_id":"87e80074-5a5d-4e6c-9437-4e26de22accd-13912862720","trial_id":51,"state":1,"values":[0.8656727710163427],"datetime_complete":"2025-07-26T05:25:04.131793"}
{"op_code":4,"worker_id":"87e80074-5a5d-4e6c-9437-4e26de22accd-13912862720","study_id":0,"datetime_start":"2025-07-26T05:25:04.201361"}
{"op_code":5,"worker_id":"87e80074-5a5d-4e6c-9437-4e26de22accd-13912862720","trial_id":61,"param_name":"hidden_layer_sizes","param_value_internal":1762.0,"distribution":"{\"name\": \"IntDistribution\", \"attributes\": {\"log\": false, \"step\": 1, \"low\": 8, \"high\": 2048}}"}
{"op_code":5,"worker_id":"87e80074-5a5d-4e6c-9437-4e26de22accd-13912862720","trial_id":61,"param_name":"alpha","param_value_internal":0.6004994734126762,"distribution":"{\"name\": \"FloatDistribution\", \"attributes\": {\"step\": null, \"low\": 1e-05, \"high\": 10.0, \"log\": true}}"}
{"op_code":5,"worker_id":"87e80074-5a5d-4e6c-9437-4e26de22accd-13912862720","trial_id":61,"param_name":"learning_rate_init","param_value_internal":0.00024401077532078323,"distribution":"{\"name\": \"FloatDistribution\", \"attributes\": {\"step\": null, \"low\": 0.0001, \"high\": 0.01, \"log\": true}}"}
{"op_code":6,"worker_id":"87e80074-5a5d-4e6c-9437-4e26de22accd-13929689088","trial_id":49,"state":1,"values":[0.8624605862780956],"datetime_complete":"2025-07-26T05:36:47.428259"}
{"op_code":4,"worker_id":"87e80074-5a5d-4e6c-9437-4e26de22accd-13929689088","study_id":0,"datetime_start":"2025-07-26T05:36:47.458599"}
{"op_code":5,"worker_id":"87e80074-5a5d-4e6c-9437-4e26de22accd-13929689088","trial_id":62,"param_name":"hidden_layer_sizes","param_value_internal":1726.0,"distribution":"{\"name\": \"IntDistribution\", \"attributes\": {\"log\": false, \"step\": 1, \"low\": 8, \"high\": 2048}}"}
{"op_code":5,"worker_id":"87e80074-5a5d-4e6c-9437-4e26de22accd-13929689088","trial_id":62,"param_name":"alpha","param_value_internal":0.6481833157514663,"distribution":"{\"name\": \"FloatDistribution\", \"attributes\": {\"step\": null, \"low\": 1e-05, \"high\": 10.0, \"log\": true}}"}
{"op_code":5,"worker_id":"87e80074-5a5d-4e6c-9437-4e26de22accd-13929689088","trial_id":62,"param_name":"learning_rate_init","param_value_internal":0.0002309710084991443,"distribution":"{\"name\": \"FloatDistribution\", \"attributes\": {\"step\": null, \"low\": 0.0001, \"high\": 0.01, \"log\": true}}"}
{"op_code":6,"worker_id":"87e80074-5a5d-4e6c-9437-4e26de22accd-13946515456","trial_id":52,"state":1,"values":[0.8630130409040955],"datetime_complete":"2025-07-26T05:42:55.585147"}
{"op_code":4,"worker_id":"87e80074-5a5d-4e6c-9437-4e26de22accd-13946515456","study_id":0,"datetime_start":"2025-07-26T05:42:55.627926"}
{"op_code":5,"worker_id":"87e80074-5a5d-4e6c-9437-4e26de22accd-13946515456","trial_id":63,"param_name":"hidden_layer_sizes","param_value_internal":1741.0,"distribution":"{\"name\": \"IntDistribution\", \"attributes\": {\"log\": false, \"step\": 1, \"low\": 8, \"high\": 2048}}"}
{"op_code":5,"worker_id":"87e80074-5a5d-4e6c-9437-4e26de22accd-13946515456","trial_id":63,"param_name":"alpha","param_value_internal":0.5521378483198478,"distribution":"{\"name\": \"FloatDistribution\", \"attributes\": {\"step\": null, \"low\": 1e-05, \"high\": 10.0, \"log\": true}}"}
{"op_code":5,"worker_id":"87e80074-5a5d-4e6c-9437-4e26de22accd-13946515456","trial_id":63,"param_name":"learning_rate_init","param_value_internal":0.00021327349087240519,"distribution":"{\"name\": \"FloatDistribution\", \"attributes\": {\"step\": null, \"low\": 0.0001, \"high\": 0.01, \"log\": true}}"}
{"op_code":6,"worker_id":"87e80074-5a5d-4e6c-9437-4e26de22accd-13996994560","trial_id":50,"state":1,"values":[0.8567552821649764],"datetime_complete":"2025-07-26T06:30:16.748571"}
{"op_code":4,"worker_id":"87e80074-5a5d-4e6c-9437-4e26de22accd-13996994560","study_id":0,"datetime_start":"2025-07-26T06:30:16.787570"}
{"op_code":5,"worker_id":"87e80074-5a5d-4e6c-9437-4e26de22accd-13996994560","trial_id":64,"param_name":"hidden_layer_sizes","param_value_internal":1764.0,"distribution":"{\"name\": \"IntDistribution\", \"attributes\": {\"log\": false, \"step\": 1, \"low\": 8, \"high\": 2048}}"}
{"op_code":5,"worker_id":"87e80074-5a5d-4e6c-9437-4e26de22accd-13996994560","trial_id":64,"param_name":"alpha","param_value_internal":0.5586933550501294,"distribution":"{\"name\": \"FloatDistribution\", \"attributes\": {\"step\": null, \"low\": 1e-05, \"high\": 10.0, \"log\": true}}"}
{"op_code":5,"worker_id":"87e80074-5a5d-4e6c-9437-4e26de22accd-13996994560","trial_id":64,"param_name":"learning_rate_init","param_value_internal":0.00022322455724155122,"distribution":"{\"name\": \"FloatDistribution\", \"attributes\": {\"step\": null, \"low\": 0.0001, \"high\": 0.01, \"log\": true}}"}
{"op_code":6,"worker_id":"87e80074-5a5d-4e6c-9437-4e26de22accd-13963341824","trial_id":53,"state":1,"values":[0.8628895928056887],"datetime_complete":"2025-07-26T06:39:20.696256"}
{"op_code":4,"worker_id":"87e80074-5a5d-4e6c-9437-4e26de22accd-13963341824","study_id":0,"datetime_start":"2025-07-26T06:39:20.735059"}
{"op_code":5,"worker_id":"87e80074-5a5d-4e6c-9437-4e26de22accd-13963341824","trial_id":65,"param_name":"hidden_layer_sizes","param_value_internal":1762.0,"distribution":"{\"name\": \"IntDistribution\", \"attributes\": {\"log\": false, \"step\": 1, \"low\": 8, \"high\": 2048}}"}
{"op_code":5,"worker_id":"87e80074-5a5d-4e6c-9437-4e26de22accd-13963341824","trial_id":65,"param_name":"alpha","param_value_internal":0.7507596391484042,"distribution":"{\"name\": \"FloatDistribution\", \"attributes\": {\"step\": null, \"low\": 1e-05, \"high\": 10.0, \"log\": true}}"}
{"op_code":5,"worker_id":"87e80074-5a5d-4e6c-9437-4e26de22accd-13963341824","trial_id":65,"param_name":"learning_rate_init","param_value_internal":0.0002270353777242625,"distribution":"{\"name\": \"FloatDistribution\", \"attributes\": {\"step\": null, \"low\": 0.0001, \"high\": 0.01, \"log\": true}}"}
{"op_code":6,"worker_id":"87e80074-5a5d-4e6c-9437-4e26de22accd-14030647296","trial_id":54,"state":1,"values":[0.8526979607848186],"datetime_complete":"2025-07-26T07:34:08.389328"}
{"op_code":4,"worker_id":"87e80074-5a5d-4e6c-9437-4e26de22accd-14030647296","study_id":0,"datetime_start":"2025-07-26T07:34:08.508521"}
{"op_code":5,"worker_id":"87e80074-5a5d-4e6c-9437-4e26de22accd-14030647296","trial_id":66,"param_name":"hidden_layer_sizes","param_value_internal":1749.0,"distribution":"{\"name\": \"IntDistribution\", \"attributes\": {\"log\": false, \"step\": 1, \"low\": 8, \"high\": 2048}}"}
{"op_code":5,"worker_id":"87e80074-5a5d-4e6c-9437-4e26de22accd-14030647296","trial_id":66,"param_name":"alpha","param_value_internal":0.704824423782913,"distribution":"{\"name\": \"FloatDistribution\", \"attributes\": {\"step\": null, \"low\": 1e-05, \"high\": 10.0, \"log\": true}}"}
{"op_code":5,"worker_id":"87e80074-5a5d-4e6c-9437-4e26de22accd-14030647296","trial_id":66,"param_name":"learning_rate_init","param_value_internal":0.00021435074058915468,"distribution":"{\"name\": \"FloatDistribution\", \"attributes\": {\"step\": null, \"low\": 0.0001, \"high\": 0.01, \"log\": true}}"}
{"op_code":6,"worker_id":"87e80074-5a5d-4e6c-9437-4e26de22accd-13980168192","trial_id":55,"state":1,"values":[0.8575770833076362],"datetime_complete":"2025-07-26T07:37:24.781427"}
{"op_code":4,"worker_id":"87e80074-5a5d-4e6c-9437-4e26de22accd-13980168192","study_id":0,"datetime_start":"2025-07-26T07:37:24.826360"}
{"op_code":5,"worker_id":"87e80074-5a5d-4e6c-9437-4e26de22accd-13980168192","trial_id":67,"param_name":"hidden_layer_sizes","param_value_internal":1772.0,"distribution":"{\"name\": \"IntDistribution\", \"attributes\": {\"log\": false, \"step\": 1, \"low\": 8, \"high\": 2048}}"}
{"op_code":5,"worker_id":"87e80074-5a5d-4e6c-9437-4e26de22accd-13980168192","trial_id":67,"param_name":"alpha","param_value_internal":0.5661835146353638,"distribution":"{\"name\": \"FloatDistribution\", \"attributes\": {\"step\": null, \"low\": 1e-05, \"high\": 10.0, \"log\": true}}"}
{"op_code":5,"worker_id":"87e80074-5a5d-4e6c-9437-4e26de22accd-13980168192","trial_id":67,"param_name":"learning_rate_init","param_value_internal":0.00021093776529722746,"distribution":"{\"name\": \"FloatDistribution\", \"attributes\": {\"step\": null, \"low\": 0.0001, \"high\": 0.01, \"log\": true}}"}
{"op_code":6,"worker_id":"87e80074-5a5d-4e6c-9437-4e26de22accd-13879209984","trial_id":56,"state":1,"values":[0.8681392513878284],"datetime_complete":"2025-07-26T08:06:15.069935"}
{"op_code":4,"worker_id":"87e80074-5a5d-4e6c-9437-4e26de22accd-13879209984","study_id":0,"datetime_start":"2025-07-26T08:06:15.446999"}
{"op_code":5,"worker_id":"87e80074-5a5d-4e6c-9437-4e26de22accd-13879209984","trial_id":68,"param_name":"hidden_layer_sizes","param_value_internal":986.0,"distribution":"{\"name\": \"IntDistribution\", \"attributes\": {\"log\": false, \"step\": 1, \"low\": 8, \"high\": 2048}}"}
{"op_code":5,"worker_id":"87e80074-5a5d-4e6c-9437-4e26de22accd-13879209984","trial_id":68,"param_name":"alpha","param_value_internal":0.65340939010072,"distribution":"{\"name\": \"FloatDistribution\", \"attributes\": {\"step\": null, \"low\": 1e-05, \"high\": 10.0, \"log\": true}}"}
{"op_code":5,"worker_id":"87e80074-5a5d-4e6c-9437-4e26de22accd-13879209984","trial_id":68,"param_name":"learning_rate_init","param_value_internal":0.00022282911460052814,"distribution":"{\"name\": \"FloatDistribution\", \"attributes\": {\"step\": null, \"low\": 0.0001, \"high\": 0.01, \"log\": true}}"}
{"op_code":6,"worker_id":"87e80074-5a5d-4e6c-9437-4e26de22accd-14013820928","trial_id":59,"state":1,"values":[0.7695471110966888],"datetime_complete":"2025-07-26T14:26:42.596418"}
{"op_code":6,"worker_id":"87e80074-5a5d-4e6c-9437-4e26de22accd-13689892864","trial_id":57,"state":1,"values":[0.7117305558535892],"datetime_complete":"2025-07-26T14:26:43.338898"}
{"op_code":6,"worker_id":"87e80074-5a5d-4e6c-9437-4e26de22accd-13673066496","trial_id":58,"state":1,"values":[0.8552581524927099],"datetime_complete":"2025-07-26T14:26:44.281584"}
