{"op_code":0,"worker_id":"578d1cf1-3264-46c8-98b4-47712c631ae9-8209693376","study_name":"baseline_lgbm","directions":[2]}
{"op_code":4,"worker_id":"578d1cf1-3264-46c8-98b4-47712c631ae9-14599368704","study_id":0,"datetime_start":"2025-07-26T21:53:33.131596"}
{"op_code":4,"worker_id":"578d1cf1-3264-46c8-98b4-47712c631ae9-14798319616","study_id":0,"datetime_start":"2025-07-26T21:53:33.134395"}
{"op_code":4,"worker_id":"578d1cf1-3264-46c8-98b4-47712c631ae9-14633021440","study_id":0,"datetime_start":"2025-07-26T21:53:33.134215"}
{"op_code":4,"worker_id":"578d1cf1-3264-46c8-98b4-47712c631ae9-14714187776","study_id":0,"datetime_start":"2025-07-26T21:53:33.134285"}
{"op_code":4,"worker_id":"578d1cf1-3264-46c8-98b4-47712c631ae9-14747840512","study_id":0,"datetime_start":"2025-07-26T21:53:33.134330"}
{"op_code":4,"worker_id":"578d1cf1-3264-46c8-98b4-47712c631ae9-14781493248","study_id":0,"datetime_start":"2025-07-26T21:53:33.134375"}
{"op_code":4,"worker_id":"578d1cf1-3264-46c8-98b4-47712c631ae9-14831972352","study_id":0,"datetime_start":"2025-07-26T21:53:33.134754"}
{"op_code":4,"worker_id":"578d1cf1-3264-46c8-98b4-47712c631ae9-14649847808","study_id":0,"datetime_start":"2025-07-26T21:53:33.134248"}
{"op_code":4,"worker_id":"578d1cf1-3264-46c8-98b4-47712c631ae9-14731014144","study_id":0,"datetime_start":"2025-07-26T21:53:33.134307"}
{"op_code":4,"worker_id":"578d1cf1-3264-46c8-98b4-47712c631ae9-14764666880","study_id":0,"datetime_start":"2025-07-26T21:53:33.134354"}
{"op_code":4,"worker_id":"578d1cf1-3264-46c8-98b4-47712c631ae9-14616195072","study_id":0,"datetime_start":"2025-07-26T21:53:33.133644"}
{"op_code":4,"worker_id":"578d1cf1-3264-46c8-98b4-47712c631ae9-14815145984","study_id":0,"datetime_start":"2025-07-26T21:53:33.135889"}
{"op_code":5,"worker_id":"578d1cf1-3264-46c8-98b4-47712c631ae9-14798319616","trial_id":1,"param_name":"n_estimators","param_value_internal":1819.0,"distribution":"{\"name\": \"IntDistribution\", \"attributes\": {\"log\": false, \"step\": 1, \"low\": 10, \"high\": 4000}}"}
{"op_code":5,"worker_id":"578d1cf1-3264-46c8-98b4-47712c631ae9-14599368704","trial_id":0,"param_name":"n_estimators","param_value_internal":3249.0,"distribution":"{\"name\": \"IntDistribution\", \"attributes\": {\"log\": false, \"step\": 1, \"low\": 10, \"high\": 4000}}"}
{"op_code":5,"worker_id":"578d1cf1-3264-46c8-98b4-47712c631ae9-14831972352","trial_id":6,"param_name":"n_estimators","param_value_internal":2441.0,"distribution":"{\"name\": \"IntDistribution\", \"attributes\": {\"log\": false, \"step\": 1, \"low\": 10, \"high\": 4000}}"}
{"op_code":5,"worker_id":"578d1cf1-3264-46c8-98b4-47712c631ae9-14633021440","trial_id":2,"param_name":"n_estimators","param_value_internal":1219.0,"distribution":"{\"name\": \"IntDistribution\", \"attributes\": {\"log\": false, \"step\": 1, \"low\": 10, \"high\": 4000}}"}
{"op_code":5,"worker_id":"578d1cf1-3264-46c8-98b4-47712c631ae9-14649847808","trial_id":7,"param_name":"n_estimators","param_value_internal":362.0,"distribution":"{\"name\": \"IntDistribution\", \"attributes\": {\"log\": false, \"step\": 1, \"low\": 10, \"high\": 4000}}"}
{"op_code":5,"worker_id":"578d1cf1-3264-46c8-98b4-47712c631ae9-14714187776","trial_id":3,"param_name":"n_estimators","param_value_internal":2069.0,"distribution":"{\"name\": \"IntDistribution\", \"attributes\": {\"log\": false, \"step\": 1, \"low\": 10, \"high\": 4000}}"}
{"op_code":5,"worker_id":"578d1cf1-3264-46c8-98b4-47712c631ae9-14731014144","trial_id":8,"param_name":"n_estimators","param_value_internal":2172.0,"distribution":"{\"name\": \"IntDistribution\", \"attributes\": {\"log\": false, \"step\": 1, \"low\": 10, \"high\": 4000}}"}
{"op_code":5,"worker_id":"578d1cf1-3264-46c8-98b4-47712c631ae9-14747840512","trial_id":4,"param_name":"n_estimators","param_value_internal":1529.0,"distribution":"{\"name\": \"IntDistribution\", \"attributes\": {\"log\": false, \"step\": 1, \"low\": 10, \"high\": 4000}}"}
{"op_code":5,"worker_id":"578d1cf1-3264-46c8-98b4-47712c631ae9-14764666880","trial_id":9,"param_name":"n_estimators","param_value_internal":900.0,"distribution":"{\"name\": \"IntDistribution\", \"attributes\": {\"log\": false, \"step\": 1, \"low\": 10, \"high\": 4000}}"}
{"op_code":5,"worker_id":"578d1cf1-3264-46c8-98b4-47712c631ae9-14781493248","trial_id":5,"param_name":"n_estimators","param_value_internal":3987.0,"distribution":"{\"name\": \"IntDistribution\", \"attributes\": {\"log\": false, \"step\": 1, \"low\": 10, \"high\": 4000}}"}
{"op_code":5,"worker_id":"578d1cf1-3264-46c8-98b4-47712c631ae9-14616195072","trial_id":10,"param_name":"n_estimators","param_value_internal":2850.0,"distribution":"{\"name\": \"IntDistribution\", \"attributes\": {\"log\": false, \"step\": 1, \"low\": 10, \"high\": 4000}}"}
{"op_code":5,"worker_id":"578d1cf1-3264-46c8-98b4-47712c631ae9-14798319616","trial_id":1,"param_name":"reg_alpha","param_value_internal":0.007217333165815184,"distribution":"{\"name\": \"FloatDistribution\", \"attributes\": {\"step\": null, \"low\": 1e-05, \"high\": 1.0, \"log\": true}}"}
{"op_code":5,"worker_id":"578d1cf1-3264-46c8-98b4-47712c631ae9-14815145984","trial_id":11,"param_name":"n_estimators","param_value_internal":1530.0,"distribution":"{\"name\": \"IntDistribution\", \"attributes\": {\"log\": false, \"step\": 1, \"low\": 10, \"high\": 4000}}"}
{"op_code":5,"worker_id":"578d1cf1-3264-46c8-98b4-47712c631ae9-14599368704","trial_id":0,"param_name":"reg_alpha","param_value_internal":0.0036009745906856335,"distribution":"{\"name\": \"FloatDistribution\", \"attributes\": {\"step\": null, \"low\": 1e-05, \"high\": 1.0, \"log\": true}}"}
{"op_code":5,"worker_id":"578d1cf1-3264-46c8-98b4-47712c631ae9-14831972352","trial_id":6,"param_name":"reg_alpha","param_value_internal":0.022309981270533394,"distribution":"{\"name\": \"FloatDistribution\", \"attributes\": {\"step\": null, \"low\": 1e-05, \"high\": 1.0, \"log\": true}}"}
{"op_code":5,"worker_id":"578d1cf1-3264-46c8-98b4-47712c631ae9-14633021440","trial_id":2,"param_name":"reg_alpha","param_value_internal":0.2615734909578054,"distribution":"{\"name\": \"FloatDistribution\", \"attributes\": {\"step\": null, \"low\": 1e-05, \"high\": 1.0, \"log\": true}}"}
{"op_code":5,"worker_id":"578d1cf1-3264-46c8-98b4-47712c631ae9-14649847808","trial_id":7,"param_name":"reg_alpha","param_value_internal":0.030264539556348235,"distribution":"{\"name\": \"FloatDistribution\", \"attributes\": {\"step\": null, \"low\": 1e-05, \"high\": 1.0, \"log\": true}}"}
{"op_code":5,"worker_id":"578d1cf1-3264-46c8-98b4-47712c631ae9-14714187776","trial_id":3,"param_name":"reg_alpha","param_value_internal":0.0002588595659761965,"distribution":"{\"name\": \"FloatDistribution\", \"attributes\": {\"step\": null, \"low\": 1e-05, \"high\": 1.0, \"log\": true}}"}
{"op_code":5,"worker_id":"578d1cf1-3264-46c8-98b4-47712c631ae9-14731014144","trial_id":8,"param_name":"reg_alpha","param_value_internal":0.07087011379650399,"distribution":"{\"name\": \"FloatDistribution\", \"attributes\": {\"step\": null, \"low\": 1e-05, \"high\": 1.0, \"log\": true}}"}
{"op_code":5,"worker_id":"578d1cf1-3264-46c8-98b4-47712c631ae9-14747840512","trial_id":4,"param_name":"reg_alpha","param_value_internal":0.00013885936296992494,"distribution":"{\"name\": \"FloatDistribution\", \"attributes\": {\"step\": null, \"low\": 1e-05, \"high\": 1.0, \"log\": true}}"}
{"op_code":5,"worker_id":"578d1cf1-3264-46c8-98b4-47712c631ae9-14764666880","trial_id":9,"param_name":"reg_alpha","param_value_internal":0.30055163717238936,"distribution":"{\"name\": \"FloatDistribution\", \"attributes\": {\"step\": null, \"low\": 1e-05, \"high\": 1.0, \"log\": true}}"}
{"op_code":5,"worker_id":"578d1cf1-3264-46c8-98b4-47712c631ae9-14781493248","trial_id":5,"param_name":"reg_alpha","param_value_internal":0.03149956430052426,"distribution":"{\"name\": \"FloatDistribution\", \"attributes\": {\"step\": null, \"low\": 1e-05, \"high\": 1.0, \"log\": true}}"}
{"op_code":5,"worker_id":"578d1cf1-3264-46c8-98b4-47712c631ae9-14616195072","trial_id":10,"param_name":"reg_alpha","param_value_internal":0.000731674278148879,"distribution":"{\"name\": \"FloatDistribution\", \"attributes\": {\"step\": null, \"low\": 1e-05, \"high\": 1.0, \"log\": true}}"}
{"op_code":5,"worker_id":"578d1cf1-3264-46c8-98b4-47712c631ae9-14798319616","trial_id":1,"param_name":"learning_rate","param_value_internal":2.394161224533381,"distribution":"{\"name\": \"FloatDistribution\", \"attributes\": {\"step\": null, \"low\": 0.001, \"high\": 3.0, \"log\": true}}"}
{"op_code":5,"worker_id":"578d1cf1-3264-46c8-98b4-47712c631ae9-14815145984","trial_id":11,"param_name":"reg_alpha","param_value_internal":0.008200911167399579,"distribution":"{\"name\": \"FloatDistribution\", \"attributes\": {\"step\": null, \"low\": 1e-05, \"high\": 1.0, \"log\": true}}"}
{"op_code":5,"worker_id":"578d1cf1-3264-46c8-98b4-47712c631ae9-14599368704","trial_id":0,"param_name":"learning_rate","param_value_internal":1.487872046333906,"distribution":"{\"name\": \"FloatDistribution\", \"attributes\": {\"step\": null, \"low\": 0.001, \"high\": 3.0, \"log\": true}}"}
{"op_code":5,"worker_id":"578d1cf1-3264-46c8-98b4-47712c631ae9-14831972352","trial_id":6,"param_name":"learning_rate","param_value_internal":0.00236592367460358,"distribution":"{\"name\": \"FloatDistribution\", \"attributes\": {\"step\": null, \"low\": 0.001, \"high\": 3.0, \"log\": true}}"}
{"op_code":5,"worker_id":"578d1cf1-3264-46c8-98b4-47712c631ae9-14633021440","trial_id":2,"param_name":"learning_rate","param_value_internal":2.801312443357446,"distribution":"{\"name\": \"FloatDistribution\", \"attributes\": {\"step\": null, \"low\": 0.001, \"high\": 3.0, \"log\": true}}"}
{"op_code":5,"worker_id":"578d1cf1-3264-46c8-98b4-47712c631ae9-14649847808","trial_id":7,"param_name":"learning_rate","param_value_internal":0.12043036507207974,"distribution":"{\"name\": \"FloatDistribution\", \"attributes\": {\"step\": null, \"low\": 0.001, \"high\": 3.0, \"log\": true}}"}
{"op_code":5,"worker_id":"578d1cf1-3264-46c8-98b4-47712c631ae9-14714187776","trial_id":3,"param_name":"learning_rate","param_value_internal":0.3183004563354983,"distribution":"{\"name\": \"FloatDistribution\", \"attributes\": {\"step\": null, \"low\": 0.001, \"high\": 3.0, \"log\": true}}"}
{"op_code":5,"worker_id":"578d1cf1-3264-46c8-98b4-47712c631ae9-14731014144","trial_id":8,"param_name":"learning_rate","param_value_internal":0.00553248549257593,"distribution":"{\"name\": \"FloatDistribution\", \"attributes\": {\"step\": null, \"low\": 0.001, \"high\": 3.0, \"log\": true}}"}
{"op_code":5,"worker_id":"578d1cf1-3264-46c8-98b4-47712c631ae9-14747840512","trial_id":4,"param_name":"learning_rate","param_value_internal":0.00638044947256153,"distribution":"{\"name\": \"FloatDistribution\", \"attributes\": {\"step\": null, \"low\": 0.001, \"high\": 3.0, \"log\": true}}"}
{"op_code":5,"worker_id":"578d1cf1-3264-46c8-98b4-47712c631ae9-14764666880","trial_id":9,"param_name":"learning_rate","param_value_internal":2.6455935659245355,"distribution":"{\"name\": \"FloatDistribution\", \"attributes\": {\"step\": null, \"low\": 0.001, \"high\": 3.0, \"log\": true}}"}
{"op_code":5,"worker_id":"578d1cf1-3264-46c8-98b4-47712c631ae9-14781493248","trial_id":5,"param_name":"learning_rate","param_value_internal":0.004283674969689956,"distribution":"{\"name\": \"FloatDistribution\", \"attributes\": {\"step\": null, \"low\": 0.001, \"high\": 3.0, \"log\": true}}"}
{"op_code":5,"worker_id":"578d1cf1-3264-46c8-98b4-47712c631ae9-14616195072","trial_id":10,"param_name":"learning_rate","param_value_internal":0.007328747227125008,"distribution":"{\"name\": \"FloatDistribution\", \"attributes\": {\"step\": null, \"low\": 0.001, \"high\": 3.0, \"log\": true}}"}
{"op_code":5,"worker_id":"578d1cf1-3264-46c8-98b4-47712c631ae9-14815145984","trial_id":11,"param_name":"learning_rate","param_value_internal":1.5080645571866989,"distribution":"{\"name\": \"FloatDistribution\", \"attributes\": {\"step\": null, \"low\": 0.001, \"high\": 3.0, \"log\": true}}"}
{"op_code":6,"worker_id":"578d1cf1-3264-46c8-98b4-47712c631ae9-14798319616","trial_id":1,"state":1,"values":[0.1852693411460747],"datetime_complete":"2025-07-26T21:57:31.960634"}
{"op_code":4,"worker_id":"578d1cf1-3264-46c8-98b4-47712c631ae9-14798319616","study_id":0,"datetime_start":"2025-07-26T21:57:31.965854"}
{"op_code":5,"worker_id":"578d1cf1-3264-46c8-98b4-47712c631ae9-14798319616","trial_id":12,"param_name":"n_estimators","param_value_internal":3115.0,"distribution":"{\"name\": \"IntDistribution\", \"attributes\": {\"log\": false, \"step\": 1, \"low\": 10, \"high\": 4000}}"}
{"op_code":5,"worker_id":"578d1cf1-3264-46c8-98b4-47712c631ae9-14798319616","trial_id":12,"param_name":"reg_alpha","param_value_internal":1.3344750756125305e-05,"distribution":"{\"name\": \"FloatDistribution\", \"attributes\": {\"step\": null, \"low\": 1e-05, \"high\": 1.0, \"log\": true}}"}
{"op_code":5,"worker_id":"578d1cf1-3264-46c8-98b4-47712c631ae9-14798319616","trial_id":12,"param_name":"learning_rate","param_value_internal":0.1535815051004793,"distribution":"{\"name\": \"FloatDistribution\", \"attributes\": {\"step\": null, \"low\": 0.001, \"high\": 3.0, \"log\": true}}"}
{"op_code":6,"worker_id":"578d1cf1-3264-46c8-98b4-47712c631ae9-14616195072","trial_id":10,"state":1,"values":[0.8630382636128637],"datetime_complete":"2025-07-26T22:08:10.759900"}
{"op_code":4,"worker_id":"578d1cf1-3264-46c8-98b4-47712c631ae9-14616195072","study_id":0,"datetime_start":"2025-07-26T22:08:10.766092"}
{"op_code":5,"worker_id":"578d1cf1-3264-46c8-98b4-47712c631ae9-14616195072","trial_id":13,"param_name":"n_estimators","param_value_internal":2200.0,"distribution":"{\"name\": \"IntDistribution\", \"attributes\": {\"log\": false, \"step\": 1, \"low\": 10, \"high\": 4000}}"}
{"op_code":5,"worker_id":"578d1cf1-3264-46c8-98b4-47712c631ae9-14616195072","trial_id":13,"param_name":"reg_alpha","param_value_internal":0.00035671892890186223,"distribution":"{\"name\": \"FloatDistribution\", \"attributes\": {\"step\": null, \"low\": 1e-05, \"high\": 1.0, \"log\": true}}"}
{"op_code":5,"worker_id":"578d1cf1-3264-46c8-98b4-47712c631ae9-14616195072","trial_id":13,"param_name":"learning_rate","param_value_internal":0.0032337964616673603,"distribution":"{\"name\": \"FloatDistribution\", \"attributes\": {\"step\": null, \"low\": 0.001, \"high\": 3.0, \"log\": true}}"}
{"op_code":6,"worker_id":"578d1cf1-3264-46c8-98b4-47712c631ae9-14599368704","trial_id":0,"state":1,"values":[0.16368728252004636],"datetime_complete":"2025-07-26T22:09:50.939913"}
{"op_code":4,"worker_id":"578d1cf1-3264-46c8-98b4-47712c631ae9-14599368704","study_id":0,"datetime_start":"2025-07-26T22:09:50.943192"}
{"op_code":5,"worker_id":"578d1cf1-3264-46c8-98b4-47712c631ae9-14599368704","trial_id":14,"param_name":"n_estimators","param_value_internal":1244.0,"distribution":"{\"name\": \"IntDistribution\", \"attributes\": {\"log\": false, \"step\": 1, \"low\": 10, \"high\": 4000}}"}
{"op_code":5,"worker_id":"578d1cf1-3264-46c8-98b4-47712c631ae9-14599368704","trial_id":14,"param_name":"reg_alpha","param_value_internal":0.0007264181157729703,"distribution":"{\"name\": \"FloatDistribution\", \"attributes\": {\"step\": null, \"low\": 1e-05, \"high\": 1.0, \"log\": true}}"}
{"op_code":5,"worker_id":"578d1cf1-3264-46c8-98b4-47712c631ae9-14599368704","trial_id":14,"param_name":"learning_rate","param_value_internal":0.00894531092097235,"distribution":"{\"name\": \"FloatDistribution\", \"attributes\": {\"step\": null, \"low\": 0.001, \"high\": 3.0, \"log\": true}}"}
{"op_code":6,"worker_id":"578d1cf1-3264-46c8-98b4-47712c631ae9-14781493248","trial_id":5,"state":1,"values":[0.8706263352168812],"datetime_complete":"2025-07-26T22:23:26.255411"}
{"op_code":4,"worker_id":"578d1cf1-3264-46c8-98b4-47712c631ae9-14781493248","study_id":0,"datetime_start":"2025-07-26T22:23:26.261729"}
{"op_code":5,"worker_id":"578d1cf1-3264-46c8-98b4-47712c631ae9-14781493248","trial_id":15,"param_name":"n_estimators","param_value_internal":1542.0,"distribution":"{\"name\": \"IntDistribution\", \"attributes\": {\"log\": false, \"step\": 1, \"low\": 10, \"high\": 4000}}"}
{"op_code":5,"worker_id":"578d1cf1-3264-46c8-98b4-47712c631ae9-14781493248","trial_id":15,"param_name":"reg_alpha","param_value_internal":0.0001232852191200638,"distribution":"{\"name\": \"FloatDistribution\", \"attributes\": {\"step\": null, \"low\": 1e-05, \"high\": 1.0, \"log\": true}}"}
{"op_code":5,"worker_id":"578d1cf1-3264-46c8-98b4-47712c631ae9-14781493248","trial_id":15,"param_name":"learning_rate","param_value_internal":0.09969978118131245,"distribution":"{\"name\": \"FloatDistribution\", \"attributes\": {\"step\": null, \"low\": 0.001, \"high\": 3.0, \"log\": true}}"}
{"op_code":6,"worker_id":"578d1cf1-3264-46c8-98b4-47712c631ae9-14764666880","trial_id":9,"state":1,"values":[0.19139453846322024],"datetime_complete":"2025-07-26T22:24:07.523798"}
{"op_code":4,"worker_id":"578d1cf1-3264-46c8-98b4-47712c631ae9-14764666880","study_id":0,"datetime_start":"2025-07-26T22:24:07.526852"}
{"op_code":5,"worker_id":"578d1cf1-3264-46c8-98b4-47712c631ae9-14764666880","trial_id":16,"param_name":"n_estimators","param_value_internal":1297.0,"distribution":"{\"name\": \"IntDistribution\", \"attributes\": {\"log\": false, \"step\": 1, \"low\": 10, \"high\": 4000}}"}
{"op_code":5,"worker_id":"578d1cf1-3264-46c8-98b4-47712c631ae9-14764666880","trial_id":16,"param_name":"reg_alpha","param_value_internal":0.24158750355866992,"distribution":"{\"name\": \"FloatDistribution\", \"attributes\": {\"step\": null, \"low\": 1e-05, \"high\": 1.0, \"log\": true}}"}
{"op_code":5,"worker_id":"578d1cf1-3264-46c8-98b4-47712c631ae9-14764666880","trial_id":16,"param_name":"learning_rate","param_value_internal":0.007079137889889022,"distribution":"{\"name\": \"FloatDistribution\", \"attributes\": {\"step\": null, \"low\": 0.001, \"high\": 3.0, \"log\": true}}"}
{"op_code":6,"worker_id":"578d1cf1-3264-46c8-98b4-47712c631ae9-14633021440","trial_id":2,"state":1,"values":[0.20260188750782335],"datetime_complete":"2025-07-26T22:26:43.734712"}
{"op_code":4,"worker_id":"578d1cf1-3264-46c8-98b4-47712c631ae9-14633021440","study_id":0,"datetime_start":"2025-07-26T22:26:43.740349"}
{"op_code":5,"worker_id":"578d1cf1-3264-46c8-98b4-47712c631ae9-14633021440","trial_id":17,"param_name":"n_estimators","param_value_internal":201.0,"distribution":"{\"name\": \"IntDistribution\", \"attributes\": {\"log\": false, \"step\": 1, \"low\": 10, \"high\": 4000}}"}
{"op_code":5,"worker_id":"578d1cf1-3264-46c8-98b4-47712c631ae9-14633021440","trial_id":17,"param_name":"reg_alpha","param_value_internal":0.0021119648680405978,"distribution":"{\"name\": \"FloatDistribution\", \"attributes\": {\"step\": null, \"low\": 1e-05, \"high\": 1.0, \"log\": true}}"}
{"op_code":5,"worker_id":"578d1cf1-3264-46c8-98b4-47712c631ae9-14633021440","trial_id":17,"param_name":"learning_rate","param_value_internal":0.09484509235921264,"distribution":"{\"name\": \"FloatDistribution\", \"attributes\": {\"step\": null, \"low\": 0.001, \"high\": 3.0, \"log\": true}}"}
{"op_code":6,"worker_id":"578d1cf1-3264-46c8-98b4-47712c631ae9-14714187776","trial_id":3,"state":1,"values":[0.8647693623618725],"datetime_complete":"2025-07-26T22:30:45.520192"}
{"op_code":4,"worker_id":"578d1cf1-3264-46c8-98b4-47712c631ae9-14714187776","study_id":0,"datetime_start":"2025-07-26T22:30:45.526875"}
{"op_code":5,"worker_id":"578d1cf1-3264-46c8-98b4-47712c631ae9-14714187776","trial_id":18,"param_name":"n_estimators","param_value_internal":296.0,"distribution":"{\"name\": \"IntDistribution\", \"attributes\": {\"log\": false, \"step\": 1, \"low\": 10, \"high\": 4000}}"}
{"op_code":5,"worker_id":"578d1cf1-3264-46c8-98b4-47712c631ae9-14714187776","trial_id":18,"param_name":"reg_alpha","param_value_internal":8.874197444002697e-05,"distribution":"{\"name\": \"FloatDistribution\", \"attributes\": {\"step\": null, \"low\": 1e-05, \"high\": 1.0, \"log\": true}}"}
{"op_code":5,"worker_id":"578d1cf1-3264-46c8-98b4-47712c631ae9-14714187776","trial_id":18,"param_name":"learning_rate","param_value_internal":0.07090724592149394,"distribution":"{\"name\": \"FloatDistribution\", \"attributes\": {\"step\": null, \"low\": 0.001, \"high\": 3.0, \"log\": true}}"}
{"op_code":6,"worker_id":"578d1cf1-3264-46c8-98b4-47712c631ae9-14649847808","trial_id":7,"state":1,"values":[0.8609487985828228],"datetime_complete":"2025-07-26T22:32:05.324281"}
{"op_code":4,"worker_id":"578d1cf1-3264-46c8-98b4-47712c631ae9-14649847808","study_id":0,"datetime_start":"2025-07-26T22:32:05.328725"}
{"op_code":5,"worker_id":"578d1cf1-3264-46c8-98b4-47712c631ae9-14649847808","trial_id":19,"param_name":"n_estimators","param_value_internal":271.0,"distribution":"{\"name\": \"IntDistribution\", \"attributes\": {\"log\": false, \"step\": 1, \"low\": 10, \"high\": 4000}}"}
{"op_code":5,"worker_id":"578d1cf1-3264-46c8-98b4-47712c631ae9-14649847808","trial_id":19,"param_name":"reg_alpha","param_value_internal":0.023235495476399266,"distribution":"{\"name\": \"FloatDistribution\", \"attributes\": {\"step\": null, \"low\": 1e-05, \"high\": 1.0, \"log\": true}}"}
{"op_code":5,"worker_id":"578d1cf1-3264-46c8-98b4-47712c631ae9-14649847808","trial_id":19,"param_name":"learning_rate","param_value_internal":0.0668561348994473,"distribution":"{\"name\": \"FloatDistribution\", \"attributes\": {\"step\": null, \"low\": 0.001, \"high\": 3.0, \"log\": true}}"}
{"op_code":6,"worker_id":"578d1cf1-3264-46c8-98b4-47712c631ae9-14731014144","trial_id":8,"state":1,"values":[0.8782864142682645],"datetime_complete":"2025-07-26T22:37:48.904882"}
{"op_code":4,"worker_id":"578d1cf1-3264-46c8-98b4-47712c631ae9-14731014144","study_id":0,"datetime_start":"2025-07-26T22:37:48.921967"}
{"op_code":5,"worker_id":"578d1cf1-3264-46c8-98b4-47712c631ae9-14731014144","trial_id":20,"param_name":"n_estimators","param_value_internal":3990.0,"distribution":"{\"name\": \"IntDistribution\", \"attributes\": {\"log\": false, \"step\": 1, \"low\": 10, \"high\": 4000}}"}
{"op_code":5,"worker_id":"578d1cf1-3264-46c8-98b4-47712c631ae9-14731014144","trial_id":20,"param_name":"reg_alpha","param_value_internal":0.00032796564181628176,"distribution":"{\"name\": \"FloatDistribution\", \"attributes\": {\"step\": null, \"low\": 1e-05, \"high\": 1.0, \"log\": true}}"}
{"op_code":5,"worker_id":"578d1cf1-3264-46c8-98b4-47712c631ae9-14731014144","trial_id":20,"param_name":"learning_rate","param_value_internal":0.0018749431724113372,"distribution":"{\"name\": \"FloatDistribution\", \"attributes\": {\"step\": null, \"low\": 0.001, \"high\": 3.0, \"log\": true}}"}
{"op_code":6,"worker_id":"578d1cf1-3264-46c8-98b4-47712c631ae9-14815145984","trial_id":11,"state":1,"values":[0.3278820176657533],"datetime_complete":"2025-07-26T22:43:22.284689"}
{"op_code":4,"worker_id":"578d1cf1-3264-46c8-98b4-47712c631ae9-14815145984","study_id":0,"datetime_start":"2025-07-26T22:43:22.291421"}
{"op_code":5,"worker_id":"578d1cf1-3264-46c8-98b4-47712c631ae9-14815145984","trial_id":21,"param_name":"n_estimators","param_value_internal":2529.0,"distribution":"{\"name\": \"IntDistribution\", \"attributes\": {\"log\": false, \"step\": 1, \"low\": 10, \"high\": 4000}}"}
{"op_code":5,"worker_id":"578d1cf1-3264-46c8-98b4-47712c631ae9-14815145984","trial_id":21,"param_name":"reg_alpha","param_value_internal":1.6125290123485788e-05,"distribution":"{\"name\": \"FloatDistribution\", \"attributes\": {\"step\": null, \"low\": 1e-05, \"high\": 1.0, \"log\": true}}"}
{"op_code":5,"worker_id":"578d1cf1-3264-46c8-98b4-47712c631ae9-14815145984","trial_id":21,"param_name":"learning_rate","param_value_internal":0.0011191383262352302,"distribution":"{\"name\": \"FloatDistribution\", \"attributes\": {\"step\": null, \"low\": 0.001, \"high\": 3.0, \"log\": true}}"}
{"op_code":6,"worker_id":"578d1cf1-3264-46c8-98b4-47712c631ae9-14798319616","trial_id":12,"state":1,"values":[0.875930798379381],"datetime_complete":"2025-07-26T22:45:22.267328"}
{"op_code":4,"worker_id":"578d1cf1-3264-46c8-98b4-47712c631ae9-14798319616","study_id":0,"datetime_start":"2025-07-26T22:45:22.270070"}
{"op_code":5,"worker_id":"578d1cf1-3264-46c8-98b4-47712c631ae9-14798319616","trial_id":22,"param_name":"n_estimators","param_value_internal":2706.0,"distribution":"{\"name\": \"IntDistribution\", \"attributes\": {\"log\": false, \"step\": 1, \"low\": 10, \"high\": 4000}}"}
{"op_code":5,"worker_id":"578d1cf1-3264-46c8-98b4-47712c631ae9-14798319616","trial_id":22,"param_name":"reg_alpha","param_value_internal":1.9662618542697397e-05,"distribution":"{\"name\": \"FloatDistribution\", \"attributes\": {\"step\": null, \"low\": 1e-05, \"high\": 1.0, \"log\": true}}"}
{"op_code":5,"worker_id":"578d1cf1-3264-46c8-98b4-47712c631ae9-14798319616","trial_id":22,"param_name":"learning_rate","param_value_internal":0.017688041400108958,"distribution":"{\"name\": \"FloatDistribution\", \"attributes\": {\"step\": null, \"low\": 0.001, \"high\": 3.0, \"log\": true}}"}
{"op_code":6,"worker_id":"578d1cf1-3264-46c8-98b4-47712c631ae9-14831972352","trial_id":6,"state":1,"values":[0.8693366064271524],"datetime_complete":"2025-07-26T22:52:09.830482"}
{"op_code":4,"worker_id":"578d1cf1-3264-46c8-98b4-47712c631ae9-14831972352","study_id":0,"datetime_start":"2025-07-26T22:52:09.834940"}
{"op_code":5,"worker_id":"578d1cf1-3264-46c8-98b4-47712c631ae9-14831972352","trial_id":23,"param_name":"n_estimators","param_value_internal":3462.0,"distribution":"{\"name\": \"IntDistribution\", \"attributes\": {\"log\": false, \"step\": 1, \"low\": 10, \"high\": 4000}}"}
{"op_code":5,"worker_id":"578d1cf1-3264-46c8-98b4-47712c631ae9-14831972352","trial_id":23,"param_name":"reg_alpha","param_value_internal":1.605238910320174e-05,"distribution":"{\"name\": \"FloatDistribution\", \"attributes\": {\"step\": null, \"low\": 1e-05, \"high\": 1.0, \"log\": true}}"}
{"op_code":5,"worker_id":"578d1cf1-3264-46c8-98b4-47712c631ae9-14831972352","trial_id":23,"param_name":"learning_rate","param_value_internal":0.020401090814207955,"distribution":"{\"name\": \"FloatDistribution\", \"attributes\": {\"step\": null, \"low\": 0.001, \"high\": 3.0, \"log\": true}}"}
{"op_code":6,"worker_id":"578d1cf1-3264-46c8-98b4-47712c631ae9-14747840512","trial_id":4,"state":1,"values":[0.8636173042953716],"datetime_complete":"2025-07-26T22:55:30.700570"}
{"op_code":4,"worker_id":"578d1cf1-3264-46c8-98b4-47712c631ae9-14747840512","study_id":0,"datetime_start":"2025-07-26T22:55:30.708711"}
{"op_code":5,"worker_id":"578d1cf1-3264-46c8-98b4-47712c631ae9-14747840512","trial_id":24,"param_name":"n_estimators","param_value_internal":3432.0,"distribution":"{\"name\": \"IntDistribution\", \"attributes\": {\"log\": false, \"step\": 1, \"low\": 10, \"high\": 4000}}"}
{"op_code":5,"worker_id":"578d1cf1-3264-46c8-98b4-47712c631ae9-14747840512","trial_id":24,"param_name":"reg_alpha","param_value_internal":1.067259659533623e-05,"distribution":"{\"name\": \"FloatDistribution\", \"attributes\": {\"step\": null, \"low\": 1e-05, \"high\": 1.0, \"log\": true}}"}
{"op_code":5,"worker_id":"578d1cf1-3264-46c8-98b4-47712c631ae9-14747840512","trial_id":24,"param_name":"learning_rate","param_value_internal":0.024919492220200883,"distribution":"{\"name\": \"FloatDistribution\", \"attributes\": {\"step\": null, \"low\": 0.001, \"high\": 3.0, \"log\": true}}"}
{"op_code":6,"worker_id":"578d1cf1-3264-46c8-98b4-47712c631ae9-14781493248","trial_id":15,"state":1,"values":[0.8613089872887881],"datetime_complete":"2025-07-26T23:03:15.394780"}
{"op_code":4,"worker_id":"578d1cf1-3264-46c8-98b4-47712c631ae9-14781493248","study_id":0,"datetime_start":"2025-07-26T23:03:15.400111"}
{"op_code":5,"worker_id":"578d1cf1-3264-46c8-98b4-47712c631ae9-14781493248","trial_id":25,"param_name":"n_estimators","param_value_internal":3319.0,"distribution":"{\"name\": \"IntDistribution\", \"attributes\": {\"log\": false, \"step\": 1, \"low\": 10, \"high\": 4000}}"}
{"op_code":5,"worker_id":"578d1cf1-3264-46c8-98b4-47712c631ae9-14781493248","trial_id":25,"param_name":"reg_alpha","param_value_internal":1.0621354782228112e-05,"distribution":"{\"name\": \"FloatDistribution\", \"attributes\": {\"step\": null, \"low\": 1e-05, \"high\": 1.0, \"log\": true}}"}
{"op_code":5,"worker_id":"578d1cf1-3264-46c8-98b4-47712c631ae9-14781493248","trial_id":25,"param_name":"learning_rate","param_value_internal":0.02167440724545297,"distribution":"{\"name\": \"FloatDistribution\", \"attributes\": {\"step\": null, \"low\": 0.001, \"high\": 3.0, \"log\": true}}"}
{"op_code":6,"worker_id":"578d1cf1-3264-46c8-98b4-47712c631ae9-14633021440","trial_id":17,"state":1,"values":[0.8670268156501919],"datetime_complete":"2025-07-26T23:04:47.007417"}
{"op_code":4,"worker_id":"578d1cf1-3264-46c8-98b4-47712c631ae9-14633021440","study_id":0,"datetime_start":"2025-07-26T23:04:47.013315"}
{"op_code":5,"worker_id":"578d1cf1-3264-46c8-98b4-47712c631ae9-14633021440","trial_id":26,"param_name":"n_estimators","param_value_internal":3493.0,"distribution":"{\"name\": \"IntDistribution\", \"attributes\": {\"log\": false, \"step\": 1, \"low\": 10, \"high\": 4000}}"}
{"op_code":5,"worker_id":"578d1cf1-3264-46c8-98b4-47712c631ae9-14633021440","trial_id":26,"param_name":"reg_alpha","param_value_internal":1.3714036269860275e-05,"distribution":"{\"name\": \"FloatDistribution\", \"attributes\": {\"step\": null, \"low\": 1e-05, \"high\": 1.0, \"log\": true}}"}
{"op_code":5,"worker_id":"578d1cf1-3264-46c8-98b4-47712c631ae9-14633021440","trial_id":26,"param_name":"learning_rate","param_value_internal":0.02529230545489731,"distribution":"{\"name\": \"FloatDistribution\", \"attributes\": {\"step\": null, \"low\": 0.001, \"high\": 3.0, \"log\": true}}"}
{"op_code":6,"worker_id":"578d1cf1-3264-46c8-98b4-47712c631ae9-14714187776","trial_id":18,"state":1,"values":[0.8813186938172765],"datetime_complete":"2025-07-26T23:06:22.942437"}
{"op_code":4,"worker_id":"578d1cf1-3264-46c8-98b4-47712c631ae9-14714187776","study_id":0,"datetime_start":"2025-07-26T23:06:22.952892"}
{"op_code":5,"worker_id":"578d1cf1-3264-46c8-98b4-47712c631ae9-14714187776","trial_id":27,"param_name":"n_estimators","param_value_internal":729.0,"distribution":"{\"name\": \"IntDistribution\", \"attributes\": {\"log\": false, \"step\": 1, \"low\": 10, \"high\": 4000}}"}
{"op_code":5,"worker_id":"578d1cf1-3264-46c8-98b4-47712c631ae9-14714187776","trial_id":27,"param_name":"reg_alpha","param_value_internal":1.1364681961908289e-05,"distribution":"{\"name\": \"FloatDistribution\", \"attributes\": {\"step\": null, \"low\": 1e-05, \"high\": 1.0, \"log\": true}}"}
{"op_code":5,"worker_id":"578d1cf1-3264-46c8-98b4-47712c631ae9-14714187776","trial_id":27,"param_name":"learning_rate","param_value_internal":0.023291428632509117,"distribution":"{\"name\": \"FloatDistribution\", \"attributes\": {\"step\": null, \"low\": 0.001, \"high\": 3.0, \"log\": true}}"}
{"op_code":6,"worker_id":"578d1cf1-3264-46c8-98b4-47712c631ae9-14764666880","trial_id":16,"state":1,"values":[0.8761452554271058],"datetime_complete":"2025-07-26T23:07:10.588683"}
{"op_code":4,"worker_id":"578d1cf1-3264-46c8-98b4-47712c631ae9-14764666880","study_id":0,"datetime_start":"2025-07-26T23:07:10.594291"}
{"op_code":5,"worker_id":"578d1cf1-3264-46c8-98b4-47712c631ae9-14764666880","trial_id":28,"param_name":"n_estimators","param_value_internal":732.0,"distribution":"{\"name\": \"IntDistribution\", \"attributes\": {\"log\": false, \"step\": 1, \"low\": 10, \"high\": 4000}}"}
{"op_code":5,"worker_id":"578d1cf1-3264-46c8-98b4-47712c631ae9-14764666880","trial_id":28,"param_name":"reg_alpha","param_value_internal":1.451692346491454e-05,"distribution":"{\"name\": \"FloatDistribution\", \"attributes\": {\"step\": null, \"low\": 1e-05, \"high\": 1.0, \"log\": true}}"}
{"op_code":5,"worker_id":"578d1cf1-3264-46c8-98b4-47712c631ae9-14764666880","trial_id":28,"param_name":"learning_rate","param_value_internal":0.024994165330384968,"distribution":"{\"name\": \"FloatDistribution\", \"attributes\": {\"step\": null, \"low\": 0.001, \"high\": 3.0, \"log\": true}}"}
{"op_code":6,"worker_id":"578d1cf1-3264-46c8-98b4-47712c631ae9-14649847808","trial_id":19,"state":1,"values":[0.8692576455329741],"datetime_complete":"2025-07-26T23:11:22.938879"}
{"op_code":4,"worker_id":"578d1cf1-3264-46c8-98b4-47712c631ae9-14649847808","study_id":0,"datetime_start":"2025-07-26T23:11:22.946337"}
{"op_code":5,"worker_id":"578d1cf1-3264-46c8-98b4-47712c631ae9-14649847808","trial_id":29,"param_name":"n_estimators","param_value_internal":804.0,"distribution":"{\"name\": \"IntDistribution\", \"attributes\": {\"log\": false, \"step\": 1, \"low\": 10, \"high\": 4000}}"}
{"op_code":5,"worker_id":"578d1cf1-3264-46c8-98b4-47712c631ae9-14649847808","trial_id":29,"param_name":"reg_alpha","param_value_internal":1.9676764491746484e-05,"distribution":"{\"name\": \"FloatDistribution\", \"attributes\": {\"step\": null, \"low\": 1e-05, \"high\": 1.0, \"log\": true}}"}
{"op_code":5,"worker_id":"578d1cf1-3264-46c8-98b4-47712c631ae9-14649847808","trial_id":29,"param_name":"learning_rate","param_value_internal":0.014437181588817707,"distribution":"{\"name\": \"FloatDistribution\", \"attributes\": {\"step\": null, \"low\": 0.001, \"high\": 3.0, \"log\": true}}"}
{"op_code":6,"worker_id":"578d1cf1-3264-46c8-98b4-47712c631ae9-14599368704","trial_id":14,"state":1,"values":[0.8593933225248847],"datetime_complete":"2025-07-26T23:26:17.648076"}
{"op_code":4,"worker_id":"578d1cf1-3264-46c8-98b4-47712c631ae9-14599368704","study_id":0,"datetime_start":"2025-07-26T23:26:17.655602"}
{"op_code":5,"worker_id":"578d1cf1-3264-46c8-98b4-47712c631ae9-14599368704","trial_id":30,"param_name":"n_estimators","param_value_internal":732.0,"distribution":"{\"name\": \"IntDistribution\", \"attributes\": {\"log\": false, \"step\": 1, \"low\": 10, \"high\": 4000}}"}
{"op_code":5,"worker_id":"578d1cf1-3264-46c8-98b4-47712c631ae9-14599368704","trial_id":30,"param_name":"reg_alpha","param_value_internal":1.4417977928373195e-05,"distribution":"{\"name\": \"FloatDistribution\", \"attributes\": {\"step\": null, \"low\": 1e-05, \"high\": 1.0, \"log\": true}}"}
{"op_code":5,"worker_id":"578d1cf1-3264-46c8-98b4-47712c631ae9-14599368704","trial_id":30,"param_name":"learning_rate","param_value_internal":0.023724830125435064,"distribution":"{\"name\": \"FloatDistribution\", \"attributes\": {\"step\": null, \"low\": 0.001, \"high\": 3.0, \"log\": true}}"}
{"op_code":6,"worker_id":"578d1cf1-3264-46c8-98b4-47712c631ae9-14815145984","trial_id":21,"state":1,"values":[0.867940812094413],"datetime_complete":"2025-07-26T23:47:43.115747"}
{"op_code":4,"worker_id":"578d1cf1-3264-46c8-98b4-47712c631ae9-14815145984","study_id":0,"datetime_start":"2025-07-26T23:47:43.121004"}
{"op_code":5,"worker_id":"578d1cf1-3264-46c8-98b4-47712c631ae9-14815145984","trial_id":31,"param_name":"n_estimators","param_value_internal":744.0,"distribution":"{\"name\": \"IntDistribution\", \"attributes\": {\"log\": false, \"step\": 1, \"low\": 10, \"high\": 4000}}"}
{"op_code":5,"worker_id":"578d1cf1-3264-46c8-98b4-47712c631ae9-14815145984","trial_id":31,"param_name":"reg_alpha","param_value_internal":7.678368959571225e-05,"distribution":"{\"name\": \"FloatDistribution\", \"attributes\": {\"step\": null, \"low\": 1e-05, \"high\": 1.0, \"log\": true}}"}
{"op_code":5,"worker_id":"578d1cf1-3264-46c8-98b4-47712c631ae9-14815145984","trial_id":31,"param_name":"learning_rate","param_value_internal":0.03070151025489064,"distribution":"{\"name\": \"FloatDistribution\", \"attributes\": {\"step\": null, \"low\": 0.001, \"high\": 3.0, \"log\": true}}"}
{"op_code":6,"worker_id":"578d1cf1-3264-46c8-98b4-47712c631ae9-14731014144","trial_id":20,"state":1,"values":[0.8594261905007906],"datetime_complete":"2025-07-26T23:50:01.554934"}
{"op_code":4,"worker_id":"578d1cf1-3264-46c8-98b4-47712c631ae9-14731014144","study_id":0,"datetime_start":"2025-07-26T23:50:01.560324"}
{"op_code":5,"worker_id":"578d1cf1-3264-46c8-98b4-47712c631ae9-14731014144","trial_id":32,"param_name":"n_estimators","param_value_internal":711.0,"distribution":"{\"name\": \"IntDistribution\", \"attributes\": {\"log\": false, \"step\": 1, \"low\": 10, \"high\": 4000}}"}
{"op_code":5,"worker_id":"578d1cf1-3264-46c8-98b4-47712c631ae9-14731014144","trial_id":32,"param_name":"reg_alpha","param_value_internal":0.9265590400718563,"distribution":"{\"name\": \"FloatDistribution\", \"attributes\": {\"step\": null, \"low\": 1e-05, \"high\": 1.0, \"log\": true}}"}
{"op_code":5,"worker_id":"578d1cf1-3264-46c8-98b4-47712c631ae9-14731014144","trial_id":32,"param_name":"learning_rate","param_value_internal":0.02165376448662682,"distribution":"{\"name\": \"FloatDistribution\", \"attributes\": {\"step\": null, \"low\": 0.001, \"high\": 3.0, \"log\": true}}"}
{"op_code":6,"worker_id":"578d1cf1-3264-46c8-98b4-47712c631ae9-14798319616","trial_id":22,"state":1,"values":[0.8610086738870715],"datetime_complete":"2025-07-26T23:54:01.510320"}
{"op_code":4,"worker_id":"578d1cf1-3264-46c8-98b4-47712c631ae9-14798319616","study_id":0,"datetime_start":"2025-07-26T23:54:01.520328"}
{"op_code":5,"worker_id":"578d1cf1-3264-46c8-98b4-47712c631ae9-14798319616","trial_id":33,"param_name":"n_estimators","param_value_internal":730.0,"distribution":"{\"name\": \"IntDistribution\", \"attributes\": {\"log\": false, \"step\": 1, \"low\": 10, \"high\": 4000}}"}
{"op_code":5,"worker_id":"578d1cf1-3264-46c8-98b4-47712c631ae9-14798319616","trial_id":33,"param_name":"reg_alpha","param_value_internal":0.13018077754417232,"distribution":"{\"name\": \"FloatDistribution\", \"attributes\": {\"step\": null, \"low\": 1e-05, \"high\": 1.0, \"log\": true}}"}
{"op_code":5,"worker_id":"578d1cf1-3264-46c8-98b4-47712c631ae9-14798319616","trial_id":33,"param_name":"learning_rate","param_value_internal":0.025887024713337873,"distribution":"{\"name\": \"FloatDistribution\", \"attributes\": {\"step\": null, \"low\": 0.001, \"high\": 3.0, \"log\": true}}"}
{"op_code":6,"worker_id":"578d1cf1-3264-46c8-98b4-47712c631ae9-14616195072","trial_id":13,"state":1,"values":[0.8550488521804143],"datetime_complete":"2025-07-26T23:58:54.403804"}
{"op_code":4,"worker_id":"578d1cf1-3264-46c8-98b4-47712c631ae9-14616195072","study_id":0,"datetime_start":"2025-07-26T23:58:54.409597"}
{"op_code":5,"worker_id":"578d1cf1-3264-46c8-98b4-47712c631ae9-14616195072","trial_id":34,"param_name":"n_estimators","param_value_internal":714.0,"distribution":"{\"name\": \"IntDistribution\", \"attributes\": {\"log\": false, \"step\": 1, \"low\": 10, \"high\": 4000}}"}
{"op_code":5,"worker_id":"578d1cf1-3264-46c8-98b4-47712c631ae9-14616195072","trial_id":34,"param_name":"reg_alpha","param_value_internal":0.7755205456459138,"distribution":"{\"name\": \"FloatDistribution\", \"attributes\": {\"step\": null, \"low\": 1e-05, \"high\": 1.0, \"log\": true}}"}
{"op_code":5,"worker_id":"578d1cf1-3264-46c8-98b4-47712c631ae9-14616195072","trial_id":34,"param_name":"learning_rate","param_value_internal":0.01497666741574866,"distribution":"{\"name\": \"FloatDistribution\", \"attributes\": {\"step\": null, \"low\": 0.001, \"high\": 3.0, \"log\": true}}"}
{"op_code":6,"worker_id":"578d1cf1-3264-46c8-98b4-47712c631ae9-14831972352","trial_id":23,"state":1,"values":[0.8645587692034024],"datetime_complete":"2025-07-26T23:59:20.830704"}
{"op_code":4,"worker_id":"578d1cf1-3264-46c8-98b4-47712c631ae9-14831972352","study_id":0,"datetime_start":"2025-07-26T23:59:20.833239"}
{"op_code":5,"worker_id":"578d1cf1-3264-46c8-98b4-47712c631ae9-14831972352","trial_id":35,"param_name":"n_estimators","param_value_internal":660.0,"distribution":"{\"name\": \"IntDistribution\", \"attributes\": {\"log\": false, \"step\": 1, \"low\": 10, \"high\": 4000}}"}
{"op_code":5,"worker_id":"578d1cf1-3264-46c8-98b4-47712c631ae9-14831972352","trial_id":35,"param_name":"reg_alpha","param_value_internal":0.6429871881981566,"distribution":"{\"name\": \"FloatDistribution\", \"attributes\": {\"step\": null, \"low\": 1e-05, \"high\": 1.0, \"log\": true}}"}
{"op_code":5,"worker_id":"578d1cf1-3264-46c8-98b4-47712c631ae9-14831972352","trial_id":35,"param_name":"learning_rate","param_value_internal":0.026765964226036026,"distribution":"{\"name\": \"FloatDistribution\", \"attributes\": {\"step\": null, \"low\": 0.001, \"high\": 3.0, \"log\": true}}"}
{"op_code":6,"worker_id":"578d1cf1-3264-46c8-98b4-47712c631ae9-14781493248","trial_id":25,"state":1,"values":[0.8668532883728528],"datetime_complete":"2025-07-27T00:09:54.098476"}
{"op_code":4,"worker_id":"578d1cf1-3264-46c8-98b4-47712c631ae9-14781493248","study_id":0,"datetime_start":"2025-07-27T00:09:54.108100"}
{"op_code":5,"worker_id":"578d1cf1-3264-46c8-98b4-47712c631ae9-14781493248","trial_id":36,"param_name":"n_estimators","param_value_internal":712.0,"distribution":"{\"name\": \"IntDistribution\", \"attributes\": {\"log\": false, \"step\": 1, \"low\": 10, \"high\": 4000}}"}
{"op_code":5,"worker_id":"578d1cf1-3264-46c8-98b4-47712c631ae9-14781493248","trial_id":36,"param_name":"reg_alpha","param_value_internal":0.936374054323368,"distribution":"{\"name\": \"FloatDistribution\", \"attributes\": {\"step\": null, \"low\": 1e-05, \"high\": 1.0, \"log\": true}}"}
{"op_code":5,"worker_id":"578d1cf1-3264-46c8-98b4-47712c631ae9-14781493248","trial_id":36,"param_name":"learning_rate","param_value_internal":0.03307497628944361,"distribution":"{\"name\": \"FloatDistribution\", \"attributes\": {\"step\": null, \"low\": 0.001, \"high\": 3.0, \"log\": true}}"}
{"op_code":6,"worker_id":"578d1cf1-3264-46c8-98b4-47712c631ae9-14633021440","trial_id":26,"state":1,"values":[0.8593234093462758],"datetime_complete":"2025-07-27T00:15:44.589241"}
{"op_code":4,"worker_id":"578d1cf1-3264-46c8-98b4-47712c631ae9-14633021440","study_id":0,"datetime_start":"2025-07-27T00:15:44.596892"}
{"op_code":5,"worker_id":"578d1cf1-3264-46c8-98b4-47712c631ae9-14633021440","trial_id":37,"param_name":"n_estimators","param_value_internal":607.0,"distribution":"{\"name\": \"IntDistribution\", \"attributes\": {\"log\": false, \"step\": 1, \"low\": 10, \"high\": 4000}}"}
{"op_code":5,"worker_id":"578d1cf1-3264-46c8-98b4-47712c631ae9-14633021440","trial_id":37,"param_name":"reg_alpha","param_value_internal":0.8190862570211316,"distribution":"{\"name\": \"FloatDistribution\", \"attributes\": {\"step\": null, \"low\": 1e-05, \"high\": 1.0, \"log\": true}}"}
{"op_code":5,"worker_id":"578d1cf1-3264-46c8-98b4-47712c631ae9-14633021440","trial_id":37,"param_name":"learning_rate","param_value_internal":0.3230541879841123,"distribution":"{\"name\": \"FloatDistribution\", \"attributes\": {\"step\": null, \"low\": 0.001, \"high\": 3.0, \"log\": true}}"}
{"op_code":6,"worker_id":"578d1cf1-3264-46c8-98b4-47712c631ae9-14764666880","trial_id":28,"state":1,"values":[0.8646712684115261],"datetime_complete":"2025-07-27T00:19:28.333024"}
{"op_code":4,"worker_id":"578d1cf1-3264-46c8-98b4-47712c631ae9-14764666880","study_id":0,"datetime_start":"2025-07-27T00:19:28.349883"}
{"op_code":5,"worker_id":"578d1cf1-3264-46c8-98b4-47712c631ae9-14764666880","trial_id":38,"param_name":"n_estimators","param_value_internal":647.0,"distribution":"{\"name\": \"IntDistribution\", \"attributes\": {\"log\": false, \"step\": 1, \"low\": 10, \"high\": 4000}}"}
{"op_code":5,"worker_id":"578d1cf1-3264-46c8-98b4-47712c631ae9-14764666880","trial_id":38,"param_name":"reg_alpha","param_value_internal":0.8050494463508027,"distribution":"{\"name\": \"FloatDistribution\", \"attributes\": {\"step\": null, \"low\": 1e-05, \"high\": 1.0, \"log\": true}}"}
{"op_code":5,"worker_id":"578d1cf1-3264-46c8-98b4-47712c631ae9-14764666880","trial_id":38,"param_name":"learning_rate","param_value_internal":0.41358410637368803,"distribution":"{\"name\": \"FloatDistribution\", \"attributes\": {\"step\": null, \"low\": 0.001, \"high\": 3.0, \"log\": true}}"}
{"op_code":6,"worker_id":"578d1cf1-3264-46c8-98b4-47712c631ae9-14815145984","trial_id":31,"state":3,"values":null,"datetime_complete":"2025-07-27T00:22:38.624336"}
{"op_code":6,"worker_id":"578d1cf1-3264-46c8-98b4-47712c631ae9-14781493248","trial_id":36,"state":3,"values":null,"datetime_complete":"2025-07-27T00:22:38.626861"}
{"op_code":6,"worker_id":"578d1cf1-3264-46c8-98b4-47712c631ae9-14616195072","trial_id":34,"state":3,"values":null,"datetime_complete":"2025-07-27T00:22:38.626689"}
{"op_code":6,"worker_id":"578d1cf1-3264-46c8-98b4-47712c631ae9-14798319616","trial_id":33,"state":3,"values":null,"datetime_complete":"2025-07-27T00:22:38.626770"}
{"op_code":6,"worker_id":"578d1cf1-3264-46c8-98b4-47712c631ae9-14747840512","trial_id":24,"state":3,"values":null,"datetime_complete":"2025-07-27T00:22:38.626831"}
{"op_code":6,"worker_id":"578d1cf1-3264-46c8-98b4-47712c631ae9-14633021440","trial_id":37,"state":3,"values":null,"datetime_complete":"2025-07-27T00:22:38.627278"}
{"op_code":6,"worker_id":"578d1cf1-3264-46c8-98b4-47712c631ae9-14714187776","trial_id":27,"state":3,"values":null,"datetime_complete":"2025-07-27T00:22:38.627343"}
{"op_code":6,"worker_id":"578d1cf1-3264-46c8-98b4-47712c631ae9-14731014144","trial_id":32,"state":3,"values":null,"datetime_complete":"2025-07-27T00:22:38.626803"}
{"op_code":6,"worker_id":"578d1cf1-3264-46c8-98b4-47712c631ae9-14831972352","trial_id":35,"state":3,"values":null,"datetime_complete":"2025-07-27T00:22:38.631436"}
{"op_code":6,"worker_id":"578d1cf1-3264-46c8-98b4-47712c631ae9-14599368704","trial_id":30,"state":3,"values":null,"datetime_complete":"2025-07-27T00:22:38.626737"}
{"op_code":6,"worker_id":"578d1cf1-3264-46c8-98b4-47712c631ae9-14649847808","trial_id":29,"state":3,"values":null,"datetime_complete":"2025-07-27T00:22:38.627301"}
{"op_code":6,"worker_id":"578d1cf1-3264-46c8-98b4-47712c631ae9-14764666880","trial_id":38,"state":3,"values":null,"datetime_complete":"2025-07-27T00:22:38.639774"}
